ARM GAS  C:\Users\gortz\AppData\Local\Temp\ccAy9tq0.s 			page 1


   1              		.syntax unified
   2              		.cpu cortex-m3
   3              		.fpu softvfp
   4              		.eabi_attribute 20, 1
   5              		.eabi_attribute 21, 1
   6              		.eabi_attribute 23, 3
   7              		.eabi_attribute 24, 1
   8              		.eabi_attribute 25, 1
   9              		.eabi_attribute 26, 1
  10              		.eabi_attribute 30, 1
  11              		.eabi_attribute 34, 1
  12              		.eabi_attribute 18, 4
  13              		.thumb
  14              		.syntax unified
  15              		.file	"cymetadata.c"
  16              		.text
  17              	.Ltext0:
  18              		.cfi_sections	.debug_frame
  19              		.global	cy_metadata
  20              		.global	cy_meta_flashprotect
  21              		.global	cy_meta_wonvl
  22              		.global	cy_meta_custnvl
  23              		.global	cy_meta_configecc
  24              		.section	.cyconfigecc,"a",%progbits
  25              		.align	2
  26              		.type	cy_meta_configecc, %object
  27              		.size	cy_meta_configecc, 1564
  28              	cy_meta_configecc:
  29 0000 02       		.byte	2
  30 0001 4F       		.byte	79
  31 0002 00       		.byte	0
  32 0003 40       		.byte	64
  33 0004 04       		.byte	4
  34 0005 52       		.byte	82
  35 0006 00       		.byte	0
  36 0007 40       		.byte	64
  37 0008 03       		.byte	3
  38 0009 64       		.byte	100
  39 000a 00       		.byte	0
  40 000b 40       		.byte	64
  41 000c 02       		.byte	2
  42 000d 65       		.byte	101
  43 000e 00       		.byte	0
  44 000f 40       		.byte	64
  45 0010 51       		.byte	81
  46 0011 08       		.byte	8
  47 0012 01       		.byte	1
  48 0013 40       		.byte	64
  49 0014 31       		.byte	49
  50 0015 09       		.byte	9
  51 0016 01       		.byte	1
  52 0017 40       		.byte	64
  53 0018 3D       		.byte	61
  54 0019 0A       		.byte	10
  55 001a 01       		.byte	1
  56 001b 40       		.byte	64
  57 001c 34       		.byte	52
ARM GAS  C:\Users\gortz\AppData\Local\Temp\ccAy9tq0.s 			page 2


  58 001d 0B       		.byte	11
  59 001e 01       		.byte	1
  60 001f 40       		.byte	64
  61 0020 4A       		.byte	74
  62 0021 0C       		.byte	12
  63 0022 01       		.byte	1
  64 0023 40       		.byte	64
  65 0024 2D       		.byte	45
  66 0025 0D       		.byte	13
  67 0026 01       		.byte	1
  68 0027 40       		.byte	64
  69 0028 04       		.byte	4
  70 0029 14       		.byte	20
  71 002a 01       		.byte	1
  72 002b 40       		.byte	64
  73 002c 05       		.byte	5
  74 002d 15       		.byte	21
  75 002e 01       		.byte	1
  76 002f 40       		.byte	64
  77 0030 3C       		.byte	60
  78 0031 19       		.byte	25
  79 0032 01       		.byte	1
  80 0033 40       		.byte	64
  81 0034 5D       		.byte	93
  82 0035 1A       		.byte	26
  83 0036 01       		.byte	1
  84 0037 40       		.byte	64
  85 0038 3D       		.byte	61
  86 0039 1B       		.byte	27
  87 003a 01       		.byte	1
  88 003b 40       		.byte	64
  89 003c 02       		.byte	2
  90 003d 44       		.byte	68
  91 003e 01       		.byte	1
  92 003f 40       		.byte	64
  93 0040 03       		.byte	3
  94 0041 45       		.byte	69
  95 0042 01       		.byte	1
  96 0043 40       		.byte	64
  97 0044 04       		.byte	4
  98 0045 46       		.byte	70
  99 0046 01       		.byte	1
 100 0047 40       		.byte	64
 101 0048 02       		.byte	2
 102 0049 47       		.byte	71
 103 004a 01       		.byte	1
 104 004b 40       		.byte	64
 105 004c 04       		.byte	4
 106 004d 48       		.byte	72
 107 004e 01       		.byte	1
 108 004f 40       		.byte	64
 109 0050 04       		.byte	4
 110 0051 49       		.byte	73
 111 0052 01       		.byte	1
 112 0053 40       		.byte	64
 113 0054 0A       		.byte	10
 114 0055 4C       		.byte	76
ARM GAS  C:\Users\gortz\AppData\Local\Temp\ccAy9tq0.s 			page 3


 115 0056 01       		.byte	1
 116 0057 40       		.byte	64
 117 0058 08       		.byte	8
 118 0059 4D       		.byte	77
 119 005a 01       		.byte	1
 120 005b 40       		.byte	64
 121 005c 05       		.byte	5
 122 005d 50       		.byte	80
 123 005e 01       		.byte	1
 124 005f 40       		.byte	64
 125 0060 01       		.byte	1
 126 0061 80       		.byte	-128
 127 0062 0A       		.byte	10
 128 0063 36       		.byte	54
 129 0064 08       		.byte	8
 130 0065 10       		.byte	16
 131 0066 09       		.byte	9
 132 0067 20       		.byte	32
 133 0068 0C       		.byte	12
 134 0069 04       		.byte	4
 135 006a 10       		.byte	16
 136 006b 80       		.byte	-128
 137 006c 89       		.byte	-119
 138 006d 72       		.byte	114
 139 006e 8A       		.byte	-118
 140 006f 0D       		.byte	13
 141 0070 8B       		.byte	-117
 142 0071 0F       		.byte	15
 143 0072 89       		.byte	-119
 144 0073 38       		.byte	56
 145 0074 8B       		.byte	-117
 146 0075 0D       		.byte	13
 147 0076 3B       		.byte	59
 148 0077 80       		.byte	-128
 149 0078 40       		.byte	64
 150 0079 30       		.byte	48
 151 007a 41       		.byte	65
 152 007b 06       		.byte	6
 153 007c 49       		.byte	73
 154 007d FF       		.byte	-1
 155 007e 4A       		.byte	74
 156 007f FF       		.byte	-1
 157 0080 4B       		.byte	75
 158 0081 FF       		.byte	-1
 159 0082 4D       		.byte	77
 160 0083 A0       		.byte	-96
 161 0084 4F       		.byte	79
 162 0085 04       		.byte	4
 163 0086 50       		.byte	80
 164 0087 18       		.byte	24
 165 0088 59       		.byte	89
 166 0089 04       		.byte	4
 167 008a 5A       		.byte	90
 168 008b 04       		.byte	4
 169 008c 5C       		.byte	92
 170 008d 30       		.byte	48
 171 008e 5D       		.byte	93
ARM GAS  C:\Users\gortz\AppData\Local\Temp\ccAy9tq0.s 			page 4


 172 008f 01       		.byte	1
 173 0090 5F       		.byte	95
 174 0091 01       		.byte	1
 175 0092 60       		.byte	96
 176 0093 40       		.byte	64
 177 0094 62       		.byte	98
 178 0095 C0       		.byte	-64
 179 0096 64       		.byte	100
 180 0097 40       		.byte	64
 181 0098 65       		.byte	101
 182 0099 40       		.byte	64
 183 009a 66       		.byte	102
 184 009b C0       		.byte	-64
 185 009c 68       		.byte	104
 186 009d C0       		.byte	-64
 187 009e 6A       		.byte	106
 188 009f C0       		.byte	-64
 189 00a0 6C       		.byte	108
 190 00a1 C0       		.byte	-64
 191 00a2 6E       		.byte	110
 192 00a3 C0       		.byte	-64
 193 00a4 81       		.byte	-127
 194 00a5 4C       		.byte	76
 195 00a6 83       		.byte	-125
 196 00a7 A0       		.byte	-96
 197 00a8 85       		.byte	-123
 198 00a9 F3       		.byte	-13
 199 00aa 86       		.byte	-122
 200 00ab 02       		.byte	2
 201 00ac 88       		.byte	-120
 202 00ad 01       		.byte	1
 203 00ae 8B       		.byte	-117
 204 00af 0C       		.byte	12
 205 00b0 8C       		.byte	-116
 206 00b1 01       		.byte	1
 207 00b2 8D       		.byte	-115
 208 00b3 10       		.byte	16
 209 00b4 95       		.byte	-107
 210 00b5 F3       		.byte	-13
 211 00b6 96       		.byte	-106
 212 00b7 02       		.byte	2
 213 00b8 98       		.byte	-104
 214 00b9 01       		.byte	1
 215 00ba 99       		.byte	-103
 216 00bb 8A       		.byte	-118
 217 00bc 9B       		.byte	-101
 218 00bd 41       		.byte	65
 219 00be 9D       		.byte	-99
 220 00bf 0C       		.byte	12
 221 00c0 A3       		.byte	-93
 222 00c1 0C       		.byte	12
 223 00c2 A5       		.byte	-91
 224 00c3 25       		.byte	37
 225 00c4 A7       		.byte	-89
 226 00c5 42       		.byte	66
 227 00c6 A9       		.byte	-87
 228 00c7 0C       		.byte	12
ARM GAS  C:\Users\gortz\AppData\Local\Temp\ccAy9tq0.s 			page 5


 229 00c8 AC       		.byte	-84
 230 00c9 01       		.byte	1
 231 00ca AF       		.byte	-81
 232 00cb 0C       		.byte	12
 233 00cc B1       		.byte	-79
 234 00cd E0       		.byte	-32
 235 00ce B2       		.byte	-78
 236 00cf 01       		.byte	1
 237 00d0 B3       		.byte	-77
 238 00d1 03       		.byte	3
 239 00d2 B4       		.byte	-76
 240 00d3 02       		.byte	2
 241 00d4 B5       		.byte	-75
 242 00d5 10       		.byte	16
 243 00d6 B7       		.byte	-73
 244 00d7 0C       		.byte	12
 245 00d8 BE       		.byte	-66
 246 00d9 04       		.byte	4
 247 00da C0       		.byte	-64
 248 00db 30       		.byte	48
 249 00dc C1       		.byte	-63
 250 00dd 06       		.byte	6
 251 00de C5       		.byte	-59
 252 00df D0       		.byte	-48
 253 00e0 C6       		.byte	-58
 254 00e1 10       		.byte	16
 255 00e2 C7       		.byte	-57
 256 00e3 02       		.byte	2
 257 00e4 C8       		.byte	-56
 258 00e5 1A       		.byte	26
 259 00e6 C9       		.byte	-55
 260 00e7 FF       		.byte	-1
 261 00e8 CA       		.byte	-54
 262 00e9 FF       		.byte	-1
 263 00ea CB       		.byte	-53
 264 00eb FF       		.byte	-1
 265 00ec CD       		.byte	-51
 266 00ed AF       		.byte	-81
 267 00ee CE       		.byte	-50
 268 00ef 0F       		.byte	15
 269 00f0 CF       		.byte	-49
 270 00f1 04       		.byte	4
 271 00f2 D0       		.byte	-48
 272 00f3 18       		.byte	24
 273 00f4 D6       		.byte	-42
 274 00f5 02       		.byte	2
 275 00f6 D7       		.byte	-41
 276 00f7 12       		.byte	18
 277 00f8 D8       		.byte	-40
 278 00f9 04       		.byte	4
 279 00fa D9       		.byte	-39
 280 00fb 04       		.byte	4
 281 00fc DA       		.byte	-38
 282 00fd 04       		.byte	4
 283 00fe DB       		.byte	-37
 284 00ff 04       		.byte	4
 285 0100 DC       		.byte	-36
ARM GAS  C:\Users\gortz\AppData\Local\Temp\ccAy9tq0.s 			page 6


 286 0101 31       		.byte	49
 287 0102 DD       		.byte	-35
 288 0103 31       		.byte	49
 289 0104 DF       		.byte	-33
 290 0105 01       		.byte	1
 291 0106 E0       		.byte	-32
 292 0107 40       		.byte	64
 293 0108 E2       		.byte	-30
 294 0109 C0       		.byte	-64
 295 010a E4       		.byte	-28
 296 010b 40       		.byte	64
 297 010c E5       		.byte	-27
 298 010d 40       		.byte	64
 299 010e E6       		.byte	-26
 300 010f C0       		.byte	-64
 301 0110 E8       		.byte	-24
 302 0111 C0       		.byte	-64
 303 0112 EA       		.byte	-22
 304 0113 C0       		.byte	-64
 305 0114 EC       		.byte	-20
 306 0115 C0       		.byte	-64
 307 0116 EE       		.byte	-18
 308 0117 C0       		.byte	-64
 309 0118 00       		.byte	0
 310 0119 80       		.byte	-128
 311 011a 01       		.byte	1
 312 011b 20       		.byte	32
 313 011c 03       		.byte	3
 314 011d 22       		.byte	34
 315 011e 09       		.byte	9
 316 011f 08       		.byte	8
 317 0120 0A       		.byte	10
 318 0121 08       		.byte	8
 319 0122 11       		.byte	17
 320 0123 80       		.byte	-128
 321 0124 14       		.byte	20
 322 0125 10       		.byte	16
 323 0126 15       		.byte	21
 324 0127 08       		.byte	8
 325 0128 19       		.byte	25
 326 0129 04       		.byte	4
 327 012a 1B       		.byte	27
 328 012b 10       		.byte	16
 329 012c 21       		.byte	33
 330 012d 15       		.byte	21
 331 012e 22       		.byte	34
 332 012f 01       		.byte	1
 333 0130 23       		.byte	35
 334 0131 02       		.byte	2
 335 0132 25       		.byte	37
 336 0133 40       		.byte	64
 337 0134 26       		.byte	38
 338 0135 80       		.byte	-128
 339 0136 27       		.byte	39
 340 0137 01       		.byte	1
 341 0138 28       		.byte	40
 342 0139 60       		.byte	96
ARM GAS  C:\Users\gortz\AppData\Local\Temp\ccAy9tq0.s 			page 7


 343 013a 29       		.byte	41
 344 013b 20       		.byte	32
 345 013c 2A       		.byte	42
 346 013d 01       		.byte	1
 347 013e 2B       		.byte	43
 348 013f 02       		.byte	2
 349 0140 30       		.byte	48
 350 0141 10       		.byte	16
 351 0142 32       		.byte	50
 352 0143 80       		.byte	-128
 353 0144 33       		.byte	51
 354 0145 04       		.byte	4
 355 0146 39       		.byte	57
 356 0147 66       		.byte	102
 357 0148 41       		.byte	65
 358 0149 08       		.byte	8
 359 014a 45       		.byte	69
 360 014b 08       		.byte	8
 361 014c 49       		.byte	73
 362 014d 02       		.byte	2
 363 014e 4A       		.byte	74
 364 014f 08       		.byte	8
 365 0150 4E       		.byte	78
 366 0151 08       		.byte	8
 367 0152 52       		.byte	82
 368 0153 08       		.byte	8
 369 0154 53       		.byte	83
 370 0155 20       		.byte	32
 371 0156 59       		.byte	89
 372 0157 04       		.byte	4
 373 0158 69       		.byte	105
 374 0159 44       		.byte	68
 375 015a 6B       		.byte	107
 376 015b 04       		.byte	4
 377 015c 70       		.byte	112
 378 015d 98       		.byte	-104
 379 015e 73       		.byte	115
 380 015f 04       		.byte	4
 381 0160 9D       		.byte	-99
 382 0161 02       		.byte	2
 383 0162 A1       		.byte	-95
 384 0163 08       		.byte	8
 385 0164 A6       		.byte	-90
 386 0165 08       		.byte	8
 387 0166 A7       		.byte	-89
 388 0167 20       		.byte	32
 389 0168 C0       		.byte	-64
 390 0169 07       		.byte	7
 391 016a C2       		.byte	-62
 392 016b 06       		.byte	6
 393 016c C4       		.byte	-60
 394 016d 01       		.byte	1
 395 016e CA       		.byte	-54
 396 016f 0F       		.byte	15
 397 0170 CC       		.byte	-52
 398 0171 0E       		.byte	14
 399 0172 CE       		.byte	-50
ARM GAS  C:\Users\gortz\AppData\Local\Temp\ccAy9tq0.s 			page 8


 400 0173 0F       		.byte	15
 401 0174 D0       		.byte	-48
 402 0175 42       		.byte	66
 403 0176 D2       		.byte	-46
 404 0177 24       		.byte	36
 405 0178 D6       		.byte	-42
 406 0179 02       		.byte	2
 407 017a 06       		.byte	6
 408 017b 03       		.byte	3
 409 017c 08       		.byte	8
 410 017d 01       		.byte	1
 411 017e 0B       		.byte	11
 412 017f 01       		.byte	1
 413 0180 11       		.byte	17
 414 0181 01       		.byte	1
 415 0182 17       		.byte	23
 416 0183 04       		.byte	4
 417 0184 27       		.byte	39
 418 0185 04       		.byte	4
 419 0186 29       		.byte	41
 420 0187 01       		.byte	1
 421 0188 2D       		.byte	45
 422 0189 02       		.byte	2
 423 018a 32       		.byte	50
 424 018b 02       		.byte	2
 425 018c 33       		.byte	51
 426 018d 04       		.byte	4
 427 018e 36       		.byte	54
 428 018f 01       		.byte	1
 429 0190 37       		.byte	55
 430 0191 03       		.byte	3
 431 0192 39       		.byte	57
 432 0193 80       		.byte	-128
 433 0194 3F       		.byte	63
 434 0195 04       		.byte	4
 435 0196 54       		.byte	84
 436 0197 05       		.byte	5
 437 0198 58       		.byte	88
 438 0199 04       		.byte	4
 439 019a 59       		.byte	89
 440 019b 04       		.byte	4
 441 019c 5B       		.byte	91
 442 019d 04       		.byte	4
 443 019e 5C       		.byte	92
 444 019f 31       		.byte	49
 445 01a0 5D       		.byte	93
 446 01a1 10       		.byte	16
 447 01a2 5F       		.byte	95
 448 01a3 01       		.byte	1
 449 01a4 82       		.byte	-126
 450 01a5 02       		.byte	2
 451 01a6 83       		.byte	-125
 452 01a7 02       		.byte	2
 453 01a8 86       		.byte	-122
 454 01a9 01       		.byte	1
 455 01aa 8A       		.byte	-118
 456 01ab 01       		.byte	1
ARM GAS  C:\Users\gortz\AppData\Local\Temp\ccAy9tq0.s 			page 9


 457 01ac 8C       		.byte	-116
 458 01ad 01       		.byte	1
 459 01ae 91       		.byte	-111
 460 01af 06       		.byte	6
 461 01b0 95       		.byte	-107
 462 01b1 06       		.byte	6
 463 01b2 9E       		.byte	-98
 464 01b3 01       		.byte	1
 465 01b4 A1       		.byte	-95
 466 01b5 01       		.byte	1
 467 01b6 A4       		.byte	-92
 468 01b7 01       		.byte	1
 469 01b8 A5       		.byte	-91
 470 01b9 04       		.byte	4
 471 01ba B0       		.byte	-80
 472 01bb 01       		.byte	1
 473 01bc B2       		.byte	-78
 474 01bd 02       		.byte	2
 475 01be B3       		.byte	-77
 476 01bf 06       		.byte	6
 477 01c0 B5       		.byte	-75
 478 01c1 01       		.byte	1
 479 01c2 B9       		.byte	-71
 480 01c3 08       		.byte	8
 481 01c4 BE       		.byte	-66
 482 01c5 01       		.byte	1
 483 01c6 BF       		.byte	-65
 484 01c7 14       		.byte	20
 485 01c8 C0       		.byte	-64
 486 01c9 02       		.byte	2
 487 01ca C5       		.byte	-59
 488 01cb 04       		.byte	4
 489 01cc C9       		.byte	-55
 490 01cd FF       		.byte	-1
 491 01ce CA       		.byte	-54
 492 01cf 07       		.byte	7
 493 01d0 CB       		.byte	-53
 494 01d1 FF       		.byte	-1
 495 01d2 CC       		.byte	-52
 496 01d3 40       		.byte	64
 497 01d4 CD       		.byte	-51
 498 01d5 20       		.byte	32
 499 01d6 CE       		.byte	-50
 500 01d7 F0       		.byte	-16
 501 01d8 CF       		.byte	-49
 502 01d9 05       		.byte	5
 503 01da D0       		.byte	-48
 504 01db 08       		.byte	8
 505 01dc D4       		.byte	-44
 506 01dd 01       		.byte	1
 507 01de D8       		.byte	-40
 508 01df 04       		.byte	4
 509 01e0 D9       		.byte	-39
 510 01e1 04       		.byte	4
 511 01e2 DA       		.byte	-38
 512 01e3 04       		.byte	4
 513 01e4 DB       		.byte	-37
ARM GAS  C:\Users\gortz\AppData\Local\Temp\ccAy9tq0.s 			page 10


 514 01e5 04       		.byte	4
 515 01e6 DC       		.byte	-36
 516 01e7 01       		.byte	1
 517 01e8 DD       		.byte	-35
 518 01e9 33       		.byte	51
 519 01ea DF       		.byte	-33
 520 01eb 01       		.byte	1
 521 01ec E0       		.byte	-32
 522 01ed 40       		.byte	64
 523 01ee E1       		.byte	-31
 524 01ef A8       		.byte	-88
 525 01f0 E2       		.byte	-30
 526 01f1 40       		.byte	64
 527 01f2 E3       		.byte	-29
 528 01f3 20       		.byte	32
 529 01f4 00       		.byte	0
 530 01f5 10       		.byte	16
 531 01f6 03       		.byte	3
 532 01f7 20       		.byte	32
 533 01f8 05       		.byte	5
 534 01f9 28       		.byte	40
 535 01fa 06       		.byte	6
 536 01fb 04       		.byte	4
 537 01fc 07       		.byte	7
 538 01fd 42       		.byte	66
 539 01fe 0F       		.byte	15
 540 01ff 02       		.byte	2
 541 0200 17       		.byte	23
 542 0201 04       		.byte	4
 543 0202 18       		.byte	24
 544 0203 10       		.byte	16
 545 0204 19       		.byte	25
 546 0205 80       		.byte	-128
 547 0206 1D       		.byte	29
 548 0207 0C       		.byte	12
 549 0208 1E       		.byte	30
 550 0209 40       		.byte	64
 551 020a 22       		.byte	34
 552 020b 84       		.byte	-124
 553 020c 27       		.byte	39
 554 020d 18       		.byte	24
 555 020e 28       		.byte	40
 556 020f 08       		.byte	8
 557 0210 29       		.byte	41
 558 0211 04       		.byte	4
 559 0212 2B       		.byte	43
 560 0213 01       		.byte	1
 561 0214 2D       		.byte	45
 562 0215 09       		.byte	9
 563 0216 2F       		.byte	47
 564 0217 10       		.byte	16
 565 0218 31       		.byte	49
 566 0219 01       		.byte	1
 567 021a 32       		.byte	50
 568 021b 08       		.byte	8
 569 021c 34       		.byte	52
 570 021d 08       		.byte	8
ARM GAS  C:\Users\gortz\AppData\Local\Temp\ccAy9tq0.s 			page 11


 571 021e 35       		.byte	53
 572 021f 01       		.byte	1
 573 0220 37       		.byte	55
 574 0221 06       		.byte	6
 575 0222 3B       		.byte	59
 576 0223 20       		.byte	32
 577 0224 3E       		.byte	62
 578 0225 02       		.byte	2
 579 0226 3F       		.byte	63
 580 0227 02       		.byte	2
 581 0228 47       		.byte	71
 582 0229 10       		.byte	16
 583 022a 4F       		.byte	79
 584 022b 06       		.byte	6
 585 022c 59       		.byte	89
 586 022d 82       		.byte	-126
 587 022e 5A       		.byte	90
 588 022f 08       		.byte	8
 589 0230 5D       		.byte	93
 590 0231 21       		.byte	33
 591 0232 5E       		.byte	94
 592 0233 40       		.byte	64
 593 0234 5F       		.byte	95
 594 0235 08       		.byte	8
 595 0236 91       		.byte	-111
 596 0237 01       		.byte	1
 597 0238 93       		.byte	-109
 598 0239 20       		.byte	32
 599 023a 97       		.byte	-105
 600 023b 04       		.byte	4
 601 023c 99       		.byte	-103
 602 023d 01       		.byte	1
 603 023e 9A       		.byte	-102
 604 023f 04       		.byte	4
 605 0240 9B       		.byte	-101
 606 0241 44       		.byte	68
 607 0242 9E       		.byte	-98
 608 0243 02       		.byte	2
 609 0244 9F       		.byte	-97
 610 0245 02       		.byte	2
 611 0246 A6       		.byte	-90
 612 0247 80       		.byte	-128
 613 0248 A9       		.byte	-87
 614 0249 08       		.byte	8
 615 024a C0       		.byte	-64
 616 024b F6       		.byte	-10
 617 024c C2       		.byte	-62
 618 024d 80       		.byte	-128
 619 024e C4       		.byte	-60
 620 024f 20       		.byte	32
 621 0250 CA       		.byte	-54
 622 0251 CE       		.byte	-50
 623 0252 CC       		.byte	-52
 624 0253 C3       		.byte	-61
 625 0254 CE       		.byte	-50
 626 0255 84       		.byte	-124
 627 0256 D0       		.byte	-48
ARM GAS  C:\Users\gortz\AppData\Local\Temp\ccAy9tq0.s 			page 12


 628 0257 20       		.byte	32
 629 0258 D6       		.byte	-42
 630 0259 FB       		.byte	-5
 631 025a EC       		.byte	-20
 632 025b 04       		.byte	4
 633 025c 00       		.byte	0
 634 025d 01       		.byte	1
 635 025e 02       		.byte	2
 636 025f 0E       		.byte	14
 637 0260 03       		.byte	3
 638 0261 05       		.byte	5
 639 0262 08       		.byte	8
 640 0263 0C       		.byte	12
 641 0264 0A       		.byte	10
 642 0265 03       		.byte	3
 643 0266 11       		.byte	17
 644 0267 03       		.byte	3
 645 0268 12       		.byte	18
 646 0269 0C       		.byte	12
 647 026a 13       		.byte	19
 648 026b 04       		.byte	4
 649 026c 15       		.byte	21
 650 026d 03       		.byte	3
 651 026e 17       		.byte	23
 652 026f 0C       		.byte	12
 653 0270 19       		.byte	25
 654 0271 0A       		.byte	10
 655 0272 1A       		.byte	26
 656 0273 08       		.byte	8
 657 0274 1B       		.byte	27
 658 0275 04       		.byte	4
 659 0276 1F       		.byte	31
 660 0277 08       		.byte	8
 661 0278 24       		.byte	36
 662 0279 01       		.byte	1
 663 027a 25       		.byte	37
 664 027b 03       		.byte	3
 665 027c 26       		.byte	38
 666 027d 06       		.byte	6
 667 027e 27       		.byte	39
 668 027f 04       		.byte	4
 669 0280 2E       		.byte	46
 670 0281 03       		.byte	3
 671 0282 34       		.byte	52
 672 0283 0F       		.byte	15
 673 0284 35       		.byte	53
 674 0285 0F       		.byte	15
 675 0286 3A       		.byte	58
 676 0287 20       		.byte	32
 677 0288 3B       		.byte	59
 678 0289 20       		.byte	32
 679 028a 40       		.byte	64
 680 028b 21       		.byte	33
 681 028c 41       		.byte	65
 682 028d 04       		.byte	4
 683 028e 45       		.byte	69
 684 028f E0       		.byte	-32
ARM GAS  C:\Users\gortz\AppData\Local\Temp\ccAy9tq0.s 			page 13


 685 0290 46       		.byte	70
 686 0291 B0       		.byte	-80
 687 0292 47       		.byte	71
 688 0293 0C       		.byte	12
 689 0294 48       		.byte	72
 690 0295 1A       		.byte	26
 691 0296 49       		.byte	73
 692 0297 FF       		.byte	-1
 693 0298 4A       		.byte	74
 694 0299 FF       		.byte	-1
 695 029a 4B       		.byte	75
 696 029b FF       		.byte	-1
 697 029c 4E       		.byte	78
 698 029d F0       		.byte	-16
 699 029e 4F       		.byte	79
 700 029f 44       		.byte	68
 701 02a0 50       		.byte	80
 702 02a1 0C       		.byte	12
 703 02a2 52       		.byte	82
 704 02a3 80       		.byte	-128
 705 02a4 58       		.byte	88
 706 02a5 04       		.byte	4
 707 02a6 59       		.byte	89
 708 02a7 04       		.byte	4
 709 02a8 5A       		.byte	90
 710 02a9 04       		.byte	4
 711 02aa 5B       		.byte	91
 712 02ab 04       		.byte	4
 713 02ac 5C       		.byte	92
 714 02ad 33       		.byte	51
 715 02ae 5D       		.byte	93
 716 02af 13       		.byte	19
 717 02b0 5F       		.byte	95
 718 02b1 01       		.byte	1
 719 02b2 66       		.byte	102
 720 02b3 C0       		.byte	-64
 721 02b4 6A       		.byte	106
 722 02b5 40       		.byte	64
 723 02b6 6B       		.byte	107
 724 02b7 02       		.byte	2
 725 02b8 83       		.byte	-125
 726 02b9 03       		.byte	3
 727 02ba 85       		.byte	-123
 728 02bb 10       		.byte	16
 729 02bc 87       		.byte	-121
 730 02bd 0C       		.byte	12
 731 02be 89       		.byte	-119
 732 02bf 14       		.byte	20
 733 02c0 8E       		.byte	-114
 734 02c1 02       		.byte	2
 735 02c2 90       		.byte	-112
 736 02c3 01       		.byte	1
 737 02c4 94       		.byte	-108
 738 02c5 0C       		.byte	12
 739 02c6 96       		.byte	-106
 740 02c7 02       		.byte	2
 741 02c8 99       		.byte	-103
ARM GAS  C:\Users\gortz\AppData\Local\Temp\ccAy9tq0.s 			page 14


 742 02c9 1C       		.byte	28
 743 02ca 9A       		.byte	-102
 744 02cb 04       		.byte	4
 745 02cc 9B       		.byte	-101
 746 02cd 02       		.byte	2
 747 02ce 9D       		.byte	-99
 748 02cf 09       		.byte	9
 749 02d0 9F       		.byte	-97
 750 02d1 10       		.byte	16
 751 02d2 A1       		.byte	-95
 752 02d3 0C       		.byte	12
 753 02d4 A2       		.byte	-94
 754 02d5 0C       		.byte	12
 755 02d6 A3       		.byte	-93
 756 02d7 11       		.byte	17
 757 02d8 A5       		.byte	-91
 758 02d9 10       		.byte	16
 759 02da AA       		.byte	-86
 760 02db 0A       		.byte	10
 761 02dc AE       		.byte	-82
 762 02dd 06       		.byte	6
 763 02de B0       		.byte	-80
 764 02df 0E       		.byte	14
 765 02e0 B1       		.byte	-79
 766 02e1 1F       		.byte	31
 767 02e2 B2       		.byte	-78
 768 02e3 01       		.byte	1
 769 02e4 BA       		.byte	-70
 770 02e5 02       		.byte	2
 771 02e6 BE       		.byte	-66
 772 02e7 04       		.byte	4
 773 02e8 D8       		.byte	-40
 774 02e9 04       		.byte	4
 775 02ea D9       		.byte	-39
 776 02eb 04       		.byte	4
 777 02ec DC       		.byte	-36
 778 02ed 33       		.byte	51
 779 02ee DF       		.byte	-33
 780 02ef 01       		.byte	1
 781 02f0 02       		.byte	2
 782 02f1 01       		.byte	1
 783 02f2 05       		.byte	5
 784 02f3 11       		.byte	17
 785 02f4 08       		.byte	8
 786 02f5 10       		.byte	16
 787 02f6 0B       		.byte	11
 788 02f7 64       		.byte	100
 789 02f8 0E       		.byte	14
 790 02f9 80       		.byte	-128
 791 02fa 0F       		.byte	15
 792 02fb 04       		.byte	4
 793 02fc 10       		.byte	16
 794 02fd 01       		.byte	1
 795 02fe 11       		.byte	17
 796 02ff 20       		.byte	32
 797 0300 12       		.byte	18
 798 0301 80       		.byte	-128
ARM GAS  C:\Users\gortz\AppData\Local\Temp\ccAy9tq0.s 			page 15


 799 0302 16       		.byte	22
 800 0303 03       		.byte	3
 801 0304 17       		.byte	23
 802 0305 04       		.byte	4
 803 0306 19       		.byte	25
 804 0307 09       		.byte	9
 805 0308 1D       		.byte	29
 806 0309 10       		.byte	16
 807 030a 1F       		.byte	31
 808 030b 10       		.byte	16
 809 030c 21       		.byte	33
 810 030d 01       		.byte	1
 811 030e 23       		.byte	35
 812 030f 40       		.byte	64
 813 0310 24       		.byte	36
 814 0311 08       		.byte	8
 815 0312 25       		.byte	37
 816 0313 10       		.byte	16
 817 0314 27       		.byte	39
 818 0315 04       		.byte	4
 819 0316 28       		.byte	40
 820 0317 10       		.byte	16
 821 0318 29       		.byte	41
 822 0319 01       		.byte	1
 823 031a 2E       		.byte	46
 824 031b 08       		.byte	8
 825 031c 31       		.byte	49
 826 031d 10       		.byte	16
 827 031e 32       		.byte	50
 828 031f 80       		.byte	-128
 829 0320 34       		.byte	52
 830 0321 01       		.byte	1
 831 0322 35       		.byte	53
 832 0323 11       		.byte	17
 833 0324 36       		.byte	54
 834 0325 C0       		.byte	-64
 835 0326 37       		.byte	55
 836 0327 04       		.byte	4
 837 0328 38       		.byte	56
 838 0329 08       		.byte	8
 839 032a 39       		.byte	57
 840 032b 02       		.byte	2
 841 032c 3A       		.byte	58
 842 032d 10       		.byte	16
 843 032e 3E       		.byte	62
 844 032f 02       		.byte	2
 845 0330 45       		.byte	69
 846 0331 10       		.byte	16
 847 0332 46       		.byte	70
 848 0333 02       		.byte	2
 849 0334 47       		.byte	71
 850 0335 02       		.byte	2
 851 0336 4D       		.byte	77
 852 0337 01       		.byte	1
 853 0338 56       		.byte	86
 854 0339 1C       		.byte	28
 855 033a 77       		.byte	119
ARM GAS  C:\Users\gortz\AppData\Local\Temp\ccAy9tq0.s 			page 16


 856 033b 40       		.byte	64
 857 033c C0       		.byte	-64
 858 033d 51       		.byte	81
 859 033e C2       		.byte	-62
 860 033f 5E       		.byte	94
 861 0340 C4       		.byte	-60
 862 0341 AB       		.byte	-85
 863 0342 CA       		.byte	-54
 864 0343 43       		.byte	67
 865 0344 CC       		.byte	-52
 866 0345 FC       		.byte	-4
 867 0346 CE       		.byte	-50
 868 0347 87       		.byte	-121
 869 0348 D0       		.byte	-48
 870 0349 B0       		.byte	-80
 871 034a B9       		.byte	-71
 872 034b 0A       		.byte	10
 873 034c BF       		.byte	-65
 874 034d 05       		.byte	5
 875 034e D9       		.byte	-39
 876 034f 04       		.byte	4
 877 0350 DF       		.byte	-33
 878 0351 01       		.byte	1
 879 0352 24       		.byte	36
 880 0353 40       		.byte	64
 881 0354 27       		.byte	39
 882 0355 20       		.byte	32
 883 0356 87       		.byte	-121
 884 0357 20       		.byte	32
 885 0358 8C       		.byte	-116
 886 0359 40       		.byte	64
 887 035a EC       		.byte	-20
 888 035b 10       		.byte	16
 889 035c 00       		.byte	0
 890 035d 80       		.byte	-128
 891 035e 01       		.byte	1
 892 035f 28       		.byte	40
 893 0360 03       		.byte	3
 894 0361 80       		.byte	-128
 895 0362 08       		.byte	8
 896 0363 80       		.byte	-128
 897 0364 09       		.byte	9
 898 0365 08       		.byte	8
 899 0366 0A       		.byte	10
 900 0367 04       		.byte	4
 901 0368 0B       		.byte	11
 902 0369 80       		.byte	-128
 903 036a 10       		.byte	16
 904 036b 88       		.byte	-120
 905 036c 12       		.byte	18
 906 036d 20       		.byte	32
 907 036e 13       		.byte	19
 908 036f 80       		.byte	-128
 909 0370 18       		.byte	24
 910 0371 04       		.byte	4
 911 0372 19       		.byte	25
 912 0373 80       		.byte	-128
ARM GAS  C:\Users\gortz\AppData\Local\Temp\ccAy9tq0.s 			page 17


 913 0374 1B       		.byte	27
 914 0375 81       		.byte	-127
 915 0376 20       		.byte	32
 916 0377 41       		.byte	65
 917 0378 21       		.byte	33
 918 0379 08       		.byte	8
 919 037a 22       		.byte	34
 920 037b 04       		.byte	4
 921 037c 28       		.byte	40
 922 037d A0       		.byte	-96
 923 037e 29       		.byte	41
 924 037f 20       		.byte	32
 925 0380 2B       		.byte	43
 926 0381 02       		.byte	2
 927 0382 30       		.byte	48
 928 0383 89       		.byte	-119
 929 0384 32       		.byte	50
 930 0385 01       		.byte	1
 931 0386 33       		.byte	51
 932 0387 20       		.byte	32
 933 0388 38       		.byte	56
 934 0389 60       		.byte	96
 935 038a 39       		.byte	57
 936 038b 08       		.byte	8
 937 038c 3A       		.byte	58
 938 038d 11       		.byte	17
 939 038e 40       		.byte	64
 940 038f 81       		.byte	-127
 941 0390 41       		.byte	65
 942 0391 10       		.byte	16
 943 0392 42       		.byte	66
 944 0393 04       		.byte	4
 945 0394 43       		.byte	67
 946 0395 21       		.byte	33
 947 0396 49       		.byte	73
 948 0397 A8       		.byte	-88
 949 0398 53       		.byte	83
 950 0399 40       		.byte	64
 951 039a 5B       		.byte	91
 952 039b 02       		.byte	2
 953 039c 60       		.byte	96
 954 039d 04       		.byte	4
 955 039e 63       		.byte	99
 956 039f 02       		.byte	2
 957 03a0 90       		.byte	-112
 958 03a1 20       		.byte	32
 959 03a2 91       		.byte	-111
 960 03a3 28       		.byte	40
 961 03a4 92       		.byte	-110
 962 03a5 02       		.byte	2
 963 03a6 96       		.byte	-106
 964 03a7 08       		.byte	8
 965 03a8 9A       		.byte	-102
 966 03a9 01       		.byte	1
 967 03aa 9B       		.byte	-101
 968 03ab 83       		.byte	-125
 969 03ac 9C       		.byte	-100
ARM GAS  C:\Users\gortz\AppData\Local\Temp\ccAy9tq0.s 			page 18


 970 03ad 20       		.byte	32
 971 03ae 9D       		.byte	-99
 972 03af 20       		.byte	32
 973 03b0 A0       		.byte	-96
 974 03b1 88       		.byte	-120
 975 03b2 A3       		.byte	-93
 976 03b3 02       		.byte	2
 977 03b4 A4       		.byte	-92
 978 03b5 40       		.byte	64
 979 03b6 AB       		.byte	-85
 980 03b7 10       		.byte	16
 981 03b8 B0       		.byte	-80
 982 03b9 40       		.byte	64
 983 03ba B2       		.byte	-78
 984 03bb 04       		.byte	4
 985 03bc B3       		.byte	-77
 986 03bd 84       		.byte	-124
 987 03be C0       		.byte	-64
 988 03bf 0F       		.byte	15
 989 03c0 C2       		.byte	-62
 990 03c1 0F       		.byte	15
 991 03c2 C4       		.byte	-60
 992 03c3 0F       		.byte	15
 993 03c4 CA       		.byte	-54
 994 03c5 0F       		.byte	15
 995 03c6 CC       		.byte	-52
 996 03c7 0F       		.byte	15
 997 03c8 CE       		.byte	-50
 998 03c9 0F       		.byte	15
 999 03ca D0       		.byte	-48
 1000 03cb 0D       		.byte	13
 1001 03cc D2       		.byte	-46
 1002 03cd 0C       		.byte	12
 1003 03ce D6       		.byte	-42
 1004 03cf 01       		.byte	1
 1005 03d0 D8       		.byte	-40
 1006 03d1 0C       		.byte	12
 1007 03d2 EC       		.byte	-20
 1008 03d3 01       		.byte	1
 1009 03d4 00       		.byte	0
 1010 03d5 0F       		.byte	15
 1011 03d6 06       		.byte	6
 1012 03d7 03       		.byte	3
 1013 03d8 08       		.byte	8
 1014 03d9 03       		.byte	3
 1015 03da 09       		.byte	9
 1016 03db 06       		.byte	6
 1017 03dc 0A       		.byte	10
 1018 03dd 0C       		.byte	12
 1019 03de 0B       		.byte	11
 1020 03df 09       		.byte	9
 1021 03e0 0C       		.byte	12
 1022 03e1 01       		.byte	1
 1023 03e2 10       		.byte	16
 1024 03e3 03       		.byte	3
 1025 03e4 11       		.byte	17
 1026 03e5 06       		.byte	6
ARM GAS  C:\Users\gortz\AppData\Local\Temp\ccAy9tq0.s 			page 19


 1027 03e6 13       		.byte	19
 1028 03e7 09       		.byte	9
 1029 03e8 14       		.byte	20
 1030 03e9 0C       		.byte	12
 1031 03ea 15       		.byte	21
 1032 03eb 06       		.byte	6
 1033 03ec 16       		.byte	22
 1034 03ed 03       		.byte	3
 1035 03ee 19       		.byte	25
 1036 03ef 02       		.byte	2
 1037 03f0 1C       		.byte	28
 1038 03f1 0F       		.byte	15
 1039 03f2 1D       		.byte	29
 1040 03f3 04       		.byte	4
 1041 03f4 20       		.byte	32
 1042 03f5 08       		.byte	8
 1043 03f6 21       		.byte	33
 1044 03f7 0F       		.byte	15
 1045 03f8 24       		.byte	36
 1046 03f9 04       		.byte	4
 1047 03fa 27       		.byte	39
 1048 03fb 01       		.byte	1
 1049 03fc 28       		.byte	40
 1050 03fd 0C       		.byte	12
 1051 03fe 29       		.byte	41
 1052 03ff 09       		.byte	9
 1053 0400 2B       		.byte	43
 1054 0401 06       		.byte	6
 1055 0402 2C       		.byte	44
 1056 0403 02       		.byte	2
 1057 0404 31       		.byte	49
 1058 0405 07       		.byte	7
 1059 0406 34       		.byte	52
 1060 0407 0F       		.byte	15
 1061 0408 35       		.byte	53
 1062 0409 08       		.byte	8
 1063 040a 39       		.byte	57
 1064 040b 20       		.byte	32
 1065 040c 3A       		.byte	58
 1066 040d 20       		.byte	32
 1067 040e 3B       		.byte	59
 1068 040f 02       		.byte	2
 1069 0410 40       		.byte	64
 1070 0411 10       		.byte	16
 1071 0412 41       		.byte	65
 1072 0413 03       		.byte	3
 1073 0414 49       		.byte	73
 1074 0415 FF       		.byte	-1
 1075 0416 4A       		.byte	74
 1076 0417 FF       		.byte	-1
 1077 0418 4B       		.byte	75
 1078 0419 FF       		.byte	-1
 1079 041a 4D       		.byte	77
 1080 041b A0       		.byte	-96
 1081 041c 4F       		.byte	79
 1082 041d 04       		.byte	4
 1083 041e 50       		.byte	80
ARM GAS  C:\Users\gortz\AppData\Local\Temp\ccAy9tq0.s 			page 20


 1084 041f 18       		.byte	24
 1085 0420 58       		.byte	88
 1086 0421 04       		.byte	4
 1087 0422 59       		.byte	89
 1088 0423 04       		.byte	4
 1089 0424 5A       		.byte	90
 1090 0425 04       		.byte	4
 1091 0426 5C       		.byte	92
 1092 0427 33       		.byte	51
 1093 0428 5F       		.byte	95
 1094 0429 01       		.byte	1
 1095 042a 60       		.byte	96
 1096 042b 40       		.byte	64
 1097 042c 62       		.byte	98
 1098 042d C0       		.byte	-64
 1099 042e 64       		.byte	100
 1100 042f 40       		.byte	64
 1101 0430 65       		.byte	101
 1102 0431 40       		.byte	64
 1103 0432 66       		.byte	102
 1104 0433 C0       		.byte	-64
 1105 0434 68       		.byte	104
 1106 0435 C0       		.byte	-64
 1107 0436 6A       		.byte	106
 1108 0437 C0       		.byte	-64
 1109 0438 6C       		.byte	108
 1110 0439 C0       		.byte	-64
 1111 043a 6E       		.byte	110
 1112 043b C0       		.byte	-64
 1113 043c 87       		.byte	-121
 1114 043d 06       		.byte	6
 1115 043e 8B       		.byte	-117
 1116 043f 01       		.byte	1
 1117 0440 99       		.byte	-103
 1118 0441 04       		.byte	4
 1119 0442 9A       		.byte	-102
 1120 0443 02       		.byte	2
 1121 0444 9E       		.byte	-98
 1122 0445 02       		.byte	2
 1123 0446 A3       		.byte	-93
 1124 0447 01       		.byte	1
 1125 0448 AE       		.byte	-82
 1126 0449 01       		.byte	1
 1127 044a B3       		.byte	-77
 1128 044b 02       		.byte	2
 1129 044c B4       		.byte	-76
 1130 044d 02       		.byte	2
 1131 044e B5       		.byte	-75
 1132 044f 01       		.byte	1
 1133 0450 B6       		.byte	-74
 1134 0451 01       		.byte	1
 1135 0452 B7       		.byte	-73
 1136 0453 04       		.byte	4
 1137 0454 BF       		.byte	-65
 1138 0455 10       		.byte	16
 1139 0456 C0       		.byte	-64
 1140 0457 10       		.byte	16
ARM GAS  C:\Users\gortz\AppData\Local\Temp\ccAy9tq0.s 			page 21


 1141 0458 C1       		.byte	-63
 1142 0459 03       		.byte	3
 1143 045a C5       		.byte	-59
 1144 045b D1       		.byte	-47
 1145 045c C6       		.byte	-58
 1146 045d 20       		.byte	32
 1147 045e C8       		.byte	-56
 1148 045f 0B       		.byte	11
 1149 0460 C9       		.byte	-55
 1150 0461 FF       		.byte	-1
 1151 0462 CA       		.byte	-54
 1152 0463 FF       		.byte	-1
 1153 0464 CB       		.byte	-53
 1154 0465 FF       		.byte	-1
 1155 0466 CD       		.byte	-51
 1156 0467 AF       		.byte	-81
 1157 0468 CE       		.byte	-50
 1158 0469 0F       		.byte	15
 1159 046a CF       		.byte	-49
 1160 046b 04       		.byte	4
 1161 046c D0       		.byte	-48
 1162 046d 18       		.byte	24
 1163 046e D2       		.byte	-46
 1164 046f 80       		.byte	-128
 1165 0470 D4       		.byte	-44
 1166 0471 05       		.byte	5
 1167 0472 D8       		.byte	-40
 1168 0473 04       		.byte	4
 1169 0474 D9       		.byte	-39
 1170 0475 04       		.byte	4
 1171 0476 DA       		.byte	-38
 1172 0477 04       		.byte	4
 1173 0478 DB       		.byte	-37
 1174 0479 04       		.byte	4
 1175 047a DF       		.byte	-33
 1176 047b 01       		.byte	1
 1177 047c E0       		.byte	-32
 1178 047d 40       		.byte	64
 1179 047e E2       		.byte	-30
 1180 047f C0       		.byte	-64
 1181 0480 E4       		.byte	-28
 1182 0481 40       		.byte	64
 1183 0482 E5       		.byte	-27
 1184 0483 40       		.byte	64
 1185 0484 E6       		.byte	-26
 1186 0485 C0       		.byte	-64
 1187 0486 E8       		.byte	-24
 1188 0487 C0       		.byte	-64
 1189 0488 EA       		.byte	-22
 1190 0489 C0       		.byte	-64
 1191 048a EC       		.byte	-20
 1192 048b C0       		.byte	-64
 1193 048c EE       		.byte	-18
 1194 048d C0       		.byte	-64
 1195 048e 01       		.byte	1
 1196 048f 62       		.byte	98
 1197 0490 03       		.byte	3
ARM GAS  C:\Users\gortz\AppData\Local\Temp\ccAy9tq0.s 			page 22


 1198 0491 20       		.byte	32
 1199 0492 08       		.byte	8
 1200 0493 01       		.byte	1
 1201 0494 09       		.byte	9
 1202 0495 08       		.byte	8
 1203 0496 0A       		.byte	10
 1204 0497 02       		.byte	2
 1205 0498 0B       		.byte	11
 1206 0499 20       		.byte	32
 1207 049a 0D       		.byte	13
 1208 049b 80       		.byte	-128
 1209 049c 0F       		.byte	15
 1210 049d 04       		.byte	4
 1211 049e 10       		.byte	16
 1212 049f AA       		.byte	-86
 1213 04a0 12       		.byte	18
 1214 04a1 10       		.byte	16
 1215 04a2 17       		.byte	23
 1216 04a3 40       		.byte	64
 1217 04a4 19       		.byte	25
 1218 04a5 20       		.byte	32
 1219 04a6 1C       		.byte	28
 1220 04a7 08       		.byte	8
 1221 04a8 1D       		.byte	29
 1222 04a9 80       		.byte	-128
 1223 04aa 1F       		.byte	31
 1224 04ab 40       		.byte	64
 1225 04ac 20       		.byte	32
 1226 04ad 80       		.byte	-128
 1227 04ae 22       		.byte	34
 1228 04af 21       		.byte	33
 1229 04b0 26       		.byte	38
 1230 04b1 40       		.byte	64
 1231 04b2 27       		.byte	39
 1232 04b3 18       		.byte	24
 1233 04b4 28       		.byte	40
 1234 04b5 80       		.byte	-128
 1235 04b6 29       		.byte	41
 1236 04b7 22       		.byte	34
 1237 04b8 2B       		.byte	43
 1238 04b9 20       		.byte	32
 1239 04ba 2F       		.byte	47
 1240 04bb 40       		.byte	64
 1241 04bc 30       		.byte	48
 1242 04bd A8       		.byte	-88
 1243 04be 32       		.byte	50
 1244 04bf 01       		.byte	1
 1245 04c0 37       		.byte	55
 1246 04c1 10       		.byte	16
 1247 04c2 3B       		.byte	59
 1248 04c3 20       		.byte	32
 1249 04c4 3E       		.byte	62
 1250 04c5 20       		.byte	32
 1251 04c6 3F       		.byte	63
 1252 04c7 04       		.byte	4
 1253 04c8 41       		.byte	65
 1254 04c9 80       		.byte	-128
ARM GAS  C:\Users\gortz\AppData\Local\Temp\ccAy9tq0.s 			page 23


 1255 04ca 42       		.byte	66
 1256 04cb 20       		.byte	32
 1257 04cc 45       		.byte	69
 1258 04cd 80       		.byte	-128
 1259 04ce 46       		.byte	70
 1260 04cf 20       		.byte	32
 1261 04d0 4F       		.byte	79
 1262 04d1 05       		.byte	5
 1263 04d2 56       		.byte	86
 1264 04d3 20       		.byte	32
 1265 04d4 5E       		.byte	94
 1266 04d5 80       		.byte	-128
 1267 04d6 5F       		.byte	95
 1268 04d7 09       		.byte	9
 1269 04d8 77       		.byte	119
 1270 04d9 40       		.byte	64
 1271 04da 88       		.byte	-120
 1272 04db 06       		.byte	6
 1273 04dc 89       		.byte	-119
 1274 04dd 04       		.byte	4
 1275 04de 91       		.byte	-111
 1276 04df 48       		.byte	72
 1277 04e0 98       		.byte	-104
 1278 04e1 81       		.byte	-127
 1279 04e2 9A       		.byte	-102
 1280 04e3 10       		.byte	16
 1281 04e4 9D       		.byte	-99
 1282 04e5 20       		.byte	32
 1283 04e6 A0       		.byte	-96
 1284 04e7 88       		.byte	-120
 1285 04e8 A1       		.byte	-95
 1286 04e9 08       		.byte	8
 1287 04ea A3       		.byte	-93
 1288 04eb 20       		.byte	32
 1289 04ec A4       		.byte	-92
 1290 04ed 40       		.byte	64
 1291 04ee A6       		.byte	-90
 1292 04ef 20       		.byte	32
 1293 04f0 B4       		.byte	-76
 1294 04f1 20       		.byte	32
 1295 04f2 B5       		.byte	-75
 1296 04f3 40       		.byte	64
 1297 04f4 C0       		.byte	-64
 1298 04f5 0F       		.byte	15
 1299 04f6 C2       		.byte	-62
 1300 04f7 CD       		.byte	-51
 1301 04f8 C4       		.byte	-60
 1302 04f9 8F       		.byte	-113
 1303 04fa CA       		.byte	-54
 1304 04fb 87       		.byte	-121
 1305 04fc CC       		.byte	-52
 1306 04fd 2F       		.byte	47
 1307 04fe CE       		.byte	-50
 1308 04ff 64       		.byte	100
 1309 0500 D0       		.byte	-48
 1310 0501 5A       		.byte	90
 1311 0502 D6       		.byte	-42
ARM GAS  C:\Users\gortz\AppData\Local\Temp\ccAy9tq0.s 			page 24


 1312 0503 D0       		.byte	-48
 1313 0504 E0       		.byte	-32
 1314 0505 40       		.byte	64
 1315 0506 EC       		.byte	-20
 1316 0507 10       		.byte	16
 1317 0508 7C       		.byte	124
 1318 0509 08       		.byte	8
 1319 050a DE       		.byte	-34
 1320 050b 01       		.byte	1
 1321 050c 5D       		.byte	93
 1322 050d 02       		.byte	2
 1323 050e 9C       		.byte	-100
 1324 050f 08       		.byte	8
 1325 0510 D6       		.byte	-42
 1326 0511 01       		.byte	1
 1327 0512 45       		.byte	69
 1328 0513 08       		.byte	8
 1329 0514 9C       		.byte	-100
 1330 0515 08       		.byte	8
 1331 0516 A9       		.byte	-87
 1332 0517 02       		.byte	2
 1333 0518 D0       		.byte	-48
 1334 0519 01       		.byte	1
 1335 051a 9C       		.byte	-100
 1336 051b 08       		.byte	8
 1337 051c A5       		.byte	-91
 1338 051d 08       		.byte	8
 1339 051e 24       		.byte	36
 1340 051f 80       		.byte	-128
 1341 0520 67       		.byte	103
 1342 0521 04       		.byte	4
 1343 0522 C8       		.byte	-56
 1344 0523 80       		.byte	-128
 1345 0524 D8       		.byte	-40
 1346 0525 80       		.byte	-128
 1347 0526 87       		.byte	-121
 1348 0527 04       		.byte	4
 1349 0528 97       		.byte	-105
 1350 0529 04       		.byte	4
 1351 052a B4       		.byte	-76
 1352 052b 40       		.byte	64
 1353 052c E2       		.byte	-30
 1354 052d 40       		.byte	64
 1355 052e 00       		.byte	0
 1356 052f 40       		.byte	64
 1357 0530 5C       		.byte	92
 1358 0531 02       		.byte	2
 1359 0532 62       		.byte	98
 1360 0533 20       		.byte	32
 1361 0534 9C       		.byte	-100
 1362 0535 08       		.byte	8
 1363 0536 A2       		.byte	-94
 1364 0537 20       		.byte	32
 1365 0538 A5       		.byte	-91
 1366 0539 08       		.byte	8
 1367 053a AA       		.byte	-86
 1368 053b 20       		.byte	32
ARM GAS  C:\Users\gortz\AppData\Local\Temp\ccAy9tq0.s 			page 25


 1369 053c C0       		.byte	-64
 1370 053d 02       		.byte	2
 1371 053e D6       		.byte	-42
 1372 053f 01       		.byte	1
 1373 0540 D8       		.byte	-40
 1374 0541 02       		.byte	2
 1375 0542 88       		.byte	-120
 1376 0543 02       		.byte	2
 1377 0544 8C       		.byte	-116
 1378 0545 08       		.byte	8
 1379 0546 9C       		.byte	-100
 1380 0547 0A       		.byte	10
 1381 0548 B4       		.byte	-76
 1382 0549 40       		.byte	64
 1383 054a B5       		.byte	-75
 1384 054b 08       		.byte	8
 1385 054c E0       		.byte	-32
 1386 054d 06       		.byte	6
 1387 054e EA       		.byte	-22
 1388 054f 02       		.byte	2
 1389 0550 EC       		.byte	-20
 1390 0551 08       		.byte	8
 1391 0552 00       		.byte	0
 1392 0553 0A       		.byte	10
 1393 0554 0C       		.byte	12
 1394 0555 0A       		.byte	10
 1395 0556 0E       		.byte	14
 1396 0557 0A       		.byte	10
 1397 0558 10       		.byte	16
 1398 0559 09       		.byte	9
 1399 055a 1C       		.byte	28
 1400 055b 09       		.byte	9
 1401 055c 00       		.byte	0
 1402 055d 19       		.byte	25
 1403 055e 01       		.byte	1
 1404 055f 04       		.byte	4
 1405 0560 00       		.byte	0
 1406 0561 00       		.byte	0
 1407 0562 01       		.byte	1
 1408 0563 20       		.byte	32
 1409 0564 02       		.byte	2
 1410 0565 08       		.byte	8
 1411 0566 0C       		.byte	12
 1412 0567 00       		.byte	0
 1413 0568 0C       		.byte	12
 1414 0569 00       		.byte	0
 1415 056a 02       		.byte	2
 1416 056b 01       		.byte	1
 1417 056c 00       		.byte	0
 1418 056d 00       		.byte	0
 1419 056e 10       		.byte	16
 1420 056f 40       		.byte	64
 1421 0570 0E       		.byte	14
 1422 0571 18       		.byte	24
 1423 0572 00       		.byte	0
 1424 0573 00       		.byte	0
 1425 0574 00       		.byte	0
ARM GAS  C:\Users\gortz\AppData\Local\Temp\ccAy9tq0.s 			page 26


 1426 0575 00       		.byte	0
 1427 0576 02       		.byte	2
 1428 0577 06       		.byte	6
 1429 0578 0E       		.byte	14
 1430 0579 10       		.byte	16
 1431 057a 00       		.byte	0
 1432 057b 00       		.byte	0
 1433 057c 08       		.byte	8
 1434 057d 1F       		.byte	31
 1435 057e 00       		.byte	0
 1436 057f 00       		.byte	0
 1437 0580 00       		.byte	0
 1438 0581 01       		.byte	1
 1439 0582 10       		.byte	16
 1440 0583 A0       		.byte	-96
 1441 0584 0C       		.byte	12
 1442 0585 07       		.byte	7
 1443 0586 00       		.byte	0
 1444 0587 18       		.byte	24
 1445 0588 04       		.byte	4
 1446 0589 19       		.byte	25
 1447 058a 00       		.byte	0
 1448 058b 02       		.byte	2
 1449 058c 01       		.byte	1
 1450 058d 80       		.byte	-128
 1451 058e 00       		.byte	0
 1452 058f 1F       		.byte	31
 1453 0590 10       		.byte	16
 1454 0591 00       		.byte	0
 1455 0592 0E       		.byte	14
 1456 0593 60       		.byte	96
 1457 0594 00       		.byte	0
 1458 0595 00       		.byte	0
 1459 0596 00       		.byte	0
 1460 0597 08       		.byte	8
 1461 0598 00       		.byte	0
 1462 0599 00       		.byte	0
 1463 059a 11       		.byte	17
 1464 059b 40       		.byte	64
 1465 059c 62       		.byte	98
 1466 059d 04       		.byte	4
 1467 059e 05       		.byte	5
 1468 059f 00       		.byte	0
 1469 05a0 01       		.byte	1
 1470 05a1 0C       		.byte	12
 1471 05a2 0E       		.byte	14
 1472 05a3 00       		.byte	0
 1473 05a4 05       		.byte	5
 1474 05a5 FF       		.byte	-1
 1475 05a6 FF       		.byte	-1
 1476 05a7 FF       		.byte	-1
 1477 05a8 62       		.byte	98
 1478 05a9 A0       		.byte	-96
 1479 05aa F0       		.byte	-16
 1480 05ab 41       		.byte	65
 1481 05ac 0C       		.byte	12
 1482 05ad 00       		.byte	0
ARM GAS  C:\Users\gortz\AppData\Local\Temp\ccAy9tq0.s 			page 27


 1483 05ae 00       		.byte	0
 1484 05af 00       		.byte	0
 1485 05b0 18       		.byte	24
 1486 05b1 00       		.byte	0
 1487 05b2 00       		.byte	0
 1488 05b3 00       		.byte	0
 1489 05b4 04       		.byte	4
 1490 05b5 04       		.byte	4
 1491 05b6 04       		.byte	4
 1492 05b7 04       		.byte	4
 1493 05b8 33       		.byte	51
 1494 05b9 33       		.byte	51
 1495 05ba 00       		.byte	0
 1496 05bb 01       		.byte	1
 1497 05bc 00       		.byte	0
 1498 05bd 00       		.byte	0
 1499 05be 00       		.byte	0
 1500 05bf 00       		.byte	0
 1501 05c0 00       		.byte	0
 1502 05c1 00       		.byte	0
 1503 05c2 40       		.byte	64
 1504 05c3 02       		.byte	2
 1505 05c4 00       		.byte	0
 1506 05c5 10       		.byte	16
 1507 05c6 30       		.byte	48
 1508 05c7 10       		.byte	16
 1509 05c8 00       		.byte	0
 1510 05c9 10       		.byte	16
 1511 05ca 10       		.byte	16
 1512 05cb 12       		.byte	18
 1513 05cc 00       		.byte	0
 1514 05cd 00       		.byte	0
 1515 05ce 00       		.byte	0
 1516 05cf 00       		.byte	0
 1517 05d0 00       		.byte	0
 1518 05d1 00       		.byte	0
 1519 05d2 00       		.byte	0
 1520 05d3 00       		.byte	0
 1521 05d4 00       		.byte	0
 1522 05d5 00       		.byte	0
 1523 05d6 00       		.byte	0
 1524 05d7 00       		.byte	0
 1525 05d8 00       		.byte	0
 1526 05d9 00       		.byte	0
 1527 05da 00       		.byte	0
 1528 05db 00       		.byte	0
 1529 05dc 00       		.byte	0
 1530 05dd 62       		.byte	98
 1531 05de 62       		.byte	98
 1532 05df 00       		.byte	0
 1533 05e0 00       		.byte	0
 1534 05e1 00       		.byte	0
 1535 05e2 80       		.byte	-128
 1536 05e3 00       		.byte	0
 1537 05e4 3C       		.byte	60
 1538 05e5 00       		.byte	0
 1539 05e6 00       		.byte	0
ARM GAS  C:\Users\gortz\AppData\Local\Temp\ccAy9tq0.s 			page 28


 1540 05e7 00       		.byte	0
 1541 05e8 00       		.byte	0
 1542 05e9 00       		.byte	0
 1543 05ea 00       		.byte	0
 1544 05eb 00       		.byte	0
 1545 05ec 01       		.byte	1
 1546 05ed 00       		.byte	0
 1547 05ee 00       		.byte	0
 1548 05ef 01       		.byte	1
 1549 05f0 00       		.byte	0
 1550 05f1 00       		.byte	0
 1551 05f2 00       		.byte	0
 1552 05f3 00       		.byte	0
 1553 05f4 20       		.byte	32
 1554 05f5 00       		.byte	0
 1555 05f6 00       		.byte	0
 1556 05f7 00       		.byte	0
 1557 05f8 04       		.byte	4
 1558 05f9 3B       		.byte	59
 1559 05fa 3B       		.byte	59
 1560 05fb 00       		.byte	0
 1561 05fc 30       		.byte	48
 1562 05fd 00       		.byte	0
 1563 05fe 00       		.byte	0
 1564 05ff 00       		.byte	0
 1565 0600 80       		.byte	-128
 1566 0601 00       		.byte	0
 1567 0602 00       		.byte	0
 1568 0603 FF       		.byte	-1
 1569 0604 FF       		.byte	-1
 1570 0605 00       		.byte	0
 1571 0606 80       		.byte	-128
 1572 0607 00       		.byte	0
 1573 0608 00       		.byte	0
 1574 0609 00       		.byte	0
 1575 060a 00       		.byte	0
 1576 060b 00       		.byte	0
 1577 060c E0       		.byte	-32
 1578 060d 00       		.byte	0
 1579 060e 00       		.byte	0
 1580 060f E0       		.byte	-32
 1581 0610 1A       		.byte	26
 1582 0611 00       		.byte	0
 1583 0612 00       		.byte	0
 1584 0613 00       		.byte	0
 1585 0614 00       		.byte	0
 1586 0615 00       		.byte	0
 1587 0616 00       		.byte	0
 1588 0617 00       		.byte	0
 1589 0618 25       		.byte	37
 1590 0619 00       		.byte	0
 1591 061a 18       		.byte	24
 1592 061b 01       		.byte	1
 1593              		.section	.cywolatch,"a",%progbits
 1594              		.align	2
 1595              		.type	cy_meta_wonvl, %object
 1596              		.size	cy_meta_wonvl, 4
ARM GAS  C:\Users\gortz\AppData\Local\Temp\ccAy9tq0.s 			page 29


 1597              	cy_meta_wonvl:
 1598 0000 BC       		.byte	-68
 1599 0001 90       		.byte	-112
 1600 0002 AC       		.byte	-84
 1601 0003 AF       		.byte	-81
 1602              		.section	.cycustnvl,"a",%progbits
 1603              		.align	2
 1604              		.type	cy_meta_custnvl, %object
 1605              		.size	cy_meta_custnvl, 4
 1606              	cy_meta_custnvl:
 1607 0000 00       		.byte	0
 1608 0001 00       		.byte	0
 1609 0002 40       		.byte	64
 1610 0003 05       		.byte	5
 1611              		.section	.cymeta,"a",%progbits
 1612              		.align	2
 1613              		.type	cy_metadata, %object
 1614              		.size	cy_metadata, 12
 1615              	cy_metadata:
 1616 0000 00       		.byte	0
 1617 0001 01       		.byte	1
 1618 0002 2E       		.byte	46
 1619 0003 16       		.byte	22
 1620 0004 10       		.byte	16
 1621 0005 69       		.byte	105
 1622 0006 00       		.byte	0
 1623 0007 01       		.byte	1
 1624 0008 00       		.byte	0
 1625 0009 00       		.byte	0
 1626 000a 00       		.byte	0
 1627 000b 00       		.byte	0
 1628              		.section	.cyflashprotect,"a",%progbits
 1629              		.align	2
 1630              		.type	cy_meta_flashprotect, %object
 1631              		.size	cy_meta_flashprotect, 256
 1632              	cy_meta_flashprotect:
 1633 0000 00000000 		.space	256
 1633      00000000 
 1633      00000000 
 1633      00000000 
 1633      00000000 
 1634              		.text
 1635              	.Letext0:
 1636              		.file 1 "c:\\program files (x86)\\cypress\\psoc creator\\4.4\\psoc creator\\import\\gnu\\arm\\5.4.
 1637              		.file 2 "c:\\program files (x86)\\cypress\\psoc creator\\4.4\\psoc creator\\import\\gnu\\arm\\5.4.
 1638              		.file 3 "Generated_Source\\PSoC5\\cymetadata.c"
 1639              		.section	.debug_info,"",%progbits
 1640              	.Ldebug_info0:
 1641 0000 33010000 		.4byte	0x133
 1642 0004 0400     		.2byte	0x4
 1643 0006 00000000 		.4byte	.Ldebug_abbrev0
 1644 000a 04       		.byte	0x4
 1645 000b 01       		.uleb128 0x1
 1646 000c 24000000 		.4byte	.LASF17
 1647 0010 0C       		.byte	0xc
 1648 0011 B7010000 		.4byte	.LASF18
 1649 0015 B2000000 		.4byte	.LASF19
ARM GAS  C:\Users\gortz\AppData\Local\Temp\ccAy9tq0.s 			page 30


 1650 0019 00000000 		.4byte	.Ldebug_line0
 1651 001d 02       		.uleb128 0x2
 1652 001e 01       		.byte	0x1
 1653 001f 06       		.byte	0x6
 1654 0020 AB010000 		.4byte	.LASF0
 1655 0024 03       		.uleb128 0x3
 1656 0025 00000000 		.4byte	.LASF9
 1657 0029 01       		.byte	0x1
 1658 002a 1D       		.byte	0x1d
 1659 002b 2F000000 		.4byte	0x2f
 1660 002f 02       		.uleb128 0x2
 1661 0030 01       		.byte	0x1
 1662 0031 08       		.byte	0x8
 1663 0032 16000000 		.4byte	.LASF1
 1664 0036 02       		.uleb128 0x2
 1665 0037 02       		.byte	0x2
 1666 0038 05       		.byte	0x5
 1667 0039 98010000 		.4byte	.LASF2
 1668 003d 02       		.uleb128 0x2
 1669 003e 02       		.byte	0x2
 1670 003f 07       		.byte	0x7
 1671 0040 FD000000 		.4byte	.LASF3
 1672 0044 02       		.uleb128 0x2
 1673 0045 04       		.byte	0x4
 1674 0046 05       		.byte	0x5
 1675 0047 A2010000 		.4byte	.LASF4
 1676 004b 02       		.uleb128 0x2
 1677 004c 04       		.byte	0x4
 1678 004d 07       		.byte	0x7
 1679 004e EB000000 		.4byte	.LASF5
 1680 0052 02       		.uleb128 0x2
 1681 0053 08       		.byte	0x8
 1682 0054 05       		.byte	0x5
 1683 0055 8A010000 		.4byte	.LASF6
 1684 0059 02       		.uleb128 0x2
 1685 005a 08       		.byte	0x8
 1686 005b 07       		.byte	0x7
 1687 005c 3F010000 		.4byte	.LASF7
 1688 0060 04       		.uleb128 0x4
 1689 0061 04       		.byte	0x4
 1690 0062 05       		.byte	0x5
 1691 0063 696E7400 		.ascii	"int\000"
 1692 0067 02       		.uleb128 0x2
 1693 0068 04       		.byte	0x4
 1694 0069 07       		.byte	0x7
 1695 006a 32010000 		.4byte	.LASF8
 1696 006e 03       		.uleb128 0x3
 1697 006f 56010000 		.4byte	.LASF10
 1698 0073 02       		.byte	0x2
 1699 0074 18       		.byte	0x18
 1700 0075 24000000 		.4byte	0x24
 1701 0079 05       		.uleb128 0x5
 1702 007a 91000000 		.4byte	0x91
 1703 007e 8A000000 		.4byte	0x8a
 1704 0082 06       		.uleb128 0x6
 1705 0083 8A000000 		.4byte	0x8a
 1706 0087 1B06     		.2byte	0x61b
ARM GAS  C:\Users\gortz\AppData\Local\Temp\ccAy9tq0.s 			page 31


 1707 0089 00       		.byte	0
 1708 008a 02       		.uleb128 0x2
 1709 008b 04       		.byte	0x4
 1710 008c 07       		.byte	0x7
 1711 008d 81010000 		.4byte	.LASF11
 1712 0091 07       		.uleb128 0x7
 1713 0092 6E000000 		.4byte	0x6e
 1714 0096 08       		.uleb128 0x8
 1715 0097 20010000 		.4byte	.LASF12
 1716 009b 03       		.byte	0x3
 1717 009c 1F       		.byte	0x1f
 1718 009d A7000000 		.4byte	0xa7
 1719 00a1 05       		.uleb128 0x5
 1720 00a2 03       		.byte	0x3
 1721 00a3 00000000 		.4byte	cy_meta_configecc
 1722 00a7 07       		.uleb128 0x7
 1723 00a8 79000000 		.4byte	0x79
 1724 00ac 05       		.uleb128 0x5
 1725 00ad 91000000 		.4byte	0x91
 1726 00b1 BC000000 		.4byte	0xbc
 1727 00b5 09       		.uleb128 0x9
 1728 00b6 8A000000 		.4byte	0x8a
 1729 00ba 03       		.byte	0x3
 1730 00bb 00       		.byte	0
 1731 00bc 08       		.uleb128 0x8
 1732 00bd 10010000 		.4byte	.LASF13
 1733 00c1 03       		.byte	0x3
 1734 00c2 F0       		.byte	0xf0
 1735 00c3 CD000000 		.4byte	0xcd
 1736 00c7 05       		.uleb128 0x5
 1737 00c8 03       		.byte	0x3
 1738 00c9 00000000 		.4byte	cy_meta_custnvl
 1739 00cd 07       		.uleb128 0x7
 1740 00ce AC000000 		.4byte	0xac
 1741 00d2 08       		.uleb128 0x8
 1742 00d3 73010000 		.4byte	.LASF14
 1743 00d7 03       		.byte	0x3
 1744 00d8 FE       		.byte	0xfe
 1745 00d9 E3000000 		.4byte	0xe3
 1746 00dd 05       		.uleb128 0x5
 1747 00de 03       		.byte	0x3
 1748 00df 00000000 		.4byte	cy_meta_wonvl
 1749 00e3 07       		.uleb128 0x7
 1750 00e4 AC000000 		.4byte	0xac
 1751 00e8 05       		.uleb128 0x5
 1752 00e9 91000000 		.4byte	0x91
 1753 00ed F8000000 		.4byte	0xf8
 1754 00f1 09       		.uleb128 0x9
 1755 00f2 8A000000 		.4byte	0x8a
 1756 00f6 FF       		.byte	0xff
 1757 00f7 00       		.byte	0
 1758 00f8 0A       		.uleb128 0xa
 1759 00f9 5E010000 		.4byte	.LASF15
 1760 00fd 03       		.byte	0x3
 1761 00fe 0C01     		.2byte	0x10c
 1762 0100 0A010000 		.4byte	0x10a
 1763 0104 05       		.uleb128 0x5
ARM GAS  C:\Users\gortz\AppData\Local\Temp\ccAy9tq0.s 			page 32


 1764 0105 03       		.byte	0x3
 1765 0106 00000000 		.4byte	cy_meta_flashprotect
 1766 010a 07       		.uleb128 0x7
 1767 010b E8000000 		.4byte	0xe8
 1768 010f 05       		.uleb128 0x5
 1769 0110 91000000 		.4byte	0x91
 1770 0114 1F010000 		.4byte	0x11f
 1771 0118 09       		.uleb128 0x9
 1772 0119 8A000000 		.4byte	0x8a
 1773 011d 0B       		.byte	0xb
 1774 011e 00       		.byte	0
 1775 011f 0A       		.uleb128 0xa
 1776 0120 0A000000 		.4byte	.LASF16
 1777 0124 03       		.byte	0x3
 1778 0125 3901     		.2byte	0x139
 1779 0127 31010000 		.4byte	0x131
 1780 012b 05       		.uleb128 0x5
 1781 012c 03       		.byte	0x3
 1782 012d 00000000 		.4byte	cy_metadata
 1783 0131 07       		.uleb128 0x7
 1784 0132 0F010000 		.4byte	0x10f
 1785 0136 00       		.byte	0
 1786              		.section	.debug_abbrev,"",%progbits
 1787              	.Ldebug_abbrev0:
 1788 0000 01       		.uleb128 0x1
 1789 0001 11       		.uleb128 0x11
 1790 0002 01       		.byte	0x1
 1791 0003 25       		.uleb128 0x25
 1792 0004 0E       		.uleb128 0xe
 1793 0005 13       		.uleb128 0x13
 1794 0006 0B       		.uleb128 0xb
 1795 0007 03       		.uleb128 0x3
 1796 0008 0E       		.uleb128 0xe
 1797 0009 1B       		.uleb128 0x1b
 1798 000a 0E       		.uleb128 0xe
 1799 000b 10       		.uleb128 0x10
 1800 000c 17       		.uleb128 0x17
 1801 000d 00       		.byte	0
 1802 000e 00       		.byte	0
 1803 000f 02       		.uleb128 0x2
 1804 0010 24       		.uleb128 0x24
 1805 0011 00       		.byte	0
 1806 0012 0B       		.uleb128 0xb
 1807 0013 0B       		.uleb128 0xb
 1808 0014 3E       		.uleb128 0x3e
 1809 0015 0B       		.uleb128 0xb
 1810 0016 03       		.uleb128 0x3
 1811 0017 0E       		.uleb128 0xe
 1812 0018 00       		.byte	0
 1813 0019 00       		.byte	0
 1814 001a 03       		.uleb128 0x3
 1815 001b 16       		.uleb128 0x16
 1816 001c 00       		.byte	0
 1817 001d 03       		.uleb128 0x3
 1818 001e 0E       		.uleb128 0xe
 1819 001f 3A       		.uleb128 0x3a
 1820 0020 0B       		.uleb128 0xb
ARM GAS  C:\Users\gortz\AppData\Local\Temp\ccAy9tq0.s 			page 33


 1821 0021 3B       		.uleb128 0x3b
 1822 0022 0B       		.uleb128 0xb
 1823 0023 49       		.uleb128 0x49
 1824 0024 13       		.uleb128 0x13
 1825 0025 00       		.byte	0
 1826 0026 00       		.byte	0
 1827 0027 04       		.uleb128 0x4
 1828 0028 24       		.uleb128 0x24
 1829 0029 00       		.byte	0
 1830 002a 0B       		.uleb128 0xb
 1831 002b 0B       		.uleb128 0xb
 1832 002c 3E       		.uleb128 0x3e
 1833 002d 0B       		.uleb128 0xb
 1834 002e 03       		.uleb128 0x3
 1835 002f 08       		.uleb128 0x8
 1836 0030 00       		.byte	0
 1837 0031 00       		.byte	0
 1838 0032 05       		.uleb128 0x5
 1839 0033 01       		.uleb128 0x1
 1840 0034 01       		.byte	0x1
 1841 0035 49       		.uleb128 0x49
 1842 0036 13       		.uleb128 0x13
 1843 0037 01       		.uleb128 0x1
 1844 0038 13       		.uleb128 0x13
 1845 0039 00       		.byte	0
 1846 003a 00       		.byte	0
 1847 003b 06       		.uleb128 0x6
 1848 003c 21       		.uleb128 0x21
 1849 003d 00       		.byte	0
 1850 003e 49       		.uleb128 0x49
 1851 003f 13       		.uleb128 0x13
 1852 0040 2F       		.uleb128 0x2f
 1853 0041 05       		.uleb128 0x5
 1854 0042 00       		.byte	0
 1855 0043 00       		.byte	0
 1856 0044 07       		.uleb128 0x7
 1857 0045 26       		.uleb128 0x26
 1858 0046 00       		.byte	0
 1859 0047 49       		.uleb128 0x49
 1860 0048 13       		.uleb128 0x13
 1861 0049 00       		.byte	0
 1862 004a 00       		.byte	0
 1863 004b 08       		.uleb128 0x8
 1864 004c 34       		.uleb128 0x34
 1865 004d 00       		.byte	0
 1866 004e 03       		.uleb128 0x3
 1867 004f 0E       		.uleb128 0xe
 1868 0050 3A       		.uleb128 0x3a
 1869 0051 0B       		.uleb128 0xb
 1870 0052 3B       		.uleb128 0x3b
 1871 0053 0B       		.uleb128 0xb
 1872 0054 49       		.uleb128 0x49
 1873 0055 13       		.uleb128 0x13
 1874 0056 3F       		.uleb128 0x3f
 1875 0057 19       		.uleb128 0x19
 1876 0058 02       		.uleb128 0x2
 1877 0059 18       		.uleb128 0x18
ARM GAS  C:\Users\gortz\AppData\Local\Temp\ccAy9tq0.s 			page 34


 1878 005a 00       		.byte	0
 1879 005b 00       		.byte	0
 1880 005c 09       		.uleb128 0x9
 1881 005d 21       		.uleb128 0x21
 1882 005e 00       		.byte	0
 1883 005f 49       		.uleb128 0x49
 1884 0060 13       		.uleb128 0x13
 1885 0061 2F       		.uleb128 0x2f
 1886 0062 0B       		.uleb128 0xb
 1887 0063 00       		.byte	0
 1888 0064 00       		.byte	0
 1889 0065 0A       		.uleb128 0xa
 1890 0066 34       		.uleb128 0x34
 1891 0067 00       		.byte	0
 1892 0068 03       		.uleb128 0x3
 1893 0069 0E       		.uleb128 0xe
 1894 006a 3A       		.uleb128 0x3a
 1895 006b 0B       		.uleb128 0xb
 1896 006c 3B       		.uleb128 0x3b
 1897 006d 05       		.uleb128 0x5
 1898 006e 49       		.uleb128 0x49
 1899 006f 13       		.uleb128 0x13
 1900 0070 3F       		.uleb128 0x3f
 1901 0071 19       		.uleb128 0x19
 1902 0072 02       		.uleb128 0x2
 1903 0073 18       		.uleb128 0x18
 1904 0074 00       		.byte	0
 1905 0075 00       		.byte	0
 1906 0076 00       		.byte	0
 1907              		.section	.debug_aranges,"",%progbits
 1908 0000 14000000 		.4byte	0x14
 1909 0004 0200     		.2byte	0x2
 1910 0006 00000000 		.4byte	.Ldebug_info0
 1911 000a 04       		.byte	0x4
 1912 000b 00       		.byte	0
 1913 000c 0000     		.2byte	0
 1914 000e 0000     		.2byte	0
 1915 0010 00000000 		.4byte	0
 1916 0014 00000000 		.4byte	0
 1917              		.section	.debug_line,"",%progbits
 1918              	.Ldebug_line0:
 1919 0000 3D010000 		.section	.debug_str,"MS",%progbits,1
 1919      02003701 
 1919      00000201 
 1919      FB0E0D00 
 1919      01010101 
 1920              	.LASF9:
 1921 0000 5F5F7569 		.ascii	"__uint8_t\000"
 1921      6E74385F 
 1921      7400
 1922              	.LASF16:
 1923 000a 63795F6D 		.ascii	"cy_metadata\000"
 1923      65746164 
 1923      61746100 
 1924              	.LASF1:
 1925 0016 756E7369 		.ascii	"unsigned char\000"
 1925      676E6564 
ARM GAS  C:\Users\gortz\AppData\Local\Temp\ccAy9tq0.s 			page 35


 1925      20636861 
 1925      7200
 1926              	.LASF17:
 1927 0024 474E5520 		.ascii	"GNU C11 5.4.1 20160609 (release) [ARM/embedded-5-br"
 1927      43313120 
 1927      352E342E 
 1927      31203230 
 1927      31363036 
 1928 0057 616E6368 		.ascii	"anch revision 237715] -mcpu=cortex-m3 -mthumb -g -O"
 1928      20726576 
 1928      6973696F 
 1928      6E203233 
 1928      37373135 
 1929 008a 67202D66 		.ascii	"g -ffunction-sections -ffat-lto-objects\000"
 1929      66756E63 
 1929      74696F6E 
 1929      2D736563 
 1929      74696F6E 
 1930              	.LASF19:
 1931 00b2 433A5C55 		.ascii	"C:\\Users\\gortz\\Desktop\\DE\\DIGIELEC\\Projet DIG"
 1931      73657273 
 1931      5C676F72 
 1931      747A5C44 
 1931      65736B74 
 1932 00df 49454C45 		.ascii	"IELEC.cydsn\000"
 1932      432E6379 
 1932      64736E00 
 1933              	.LASF5:
 1934 00eb 6C6F6E67 		.ascii	"long unsigned int\000"
 1934      20756E73 
 1934      69676E65 
 1934      6420696E 
 1934      7400
 1935              	.LASF3:
 1936 00fd 73686F72 		.ascii	"short unsigned int\000"
 1936      7420756E 
 1936      7369676E 
 1936      65642069 
 1936      6E7400
 1937              	.LASF13:
 1938 0110 63795F6D 		.ascii	"cy_meta_custnvl\000"
 1938      6574615F 
 1938      63757374 
 1938      6E766C00 
 1939              	.LASF12:
 1940 0120 63795F6D 		.ascii	"cy_meta_configecc\000"
 1940      6574615F 
 1940      636F6E66 
 1940      69676563 
 1940      6300
 1941              	.LASF8:
 1942 0132 756E7369 		.ascii	"unsigned int\000"
 1942      676E6564 
 1942      20696E74 
 1942      00
 1943              	.LASF7:
 1944 013f 6C6F6E67 		.ascii	"long long unsigned int\000"
ARM GAS  C:\Users\gortz\AppData\Local\Temp\ccAy9tq0.s 			page 36


 1944      206C6F6E 
 1944      6720756E 
 1944      7369676E 
 1944      65642069 
 1945              	.LASF10:
 1946 0156 75696E74 		.ascii	"uint8_t\000"
 1946      385F7400 
 1947              	.LASF15:
 1948 015e 63795F6D 		.ascii	"cy_meta_flashprotect\000"
 1948      6574615F 
 1948      666C6173 
 1948      6870726F 
 1948      74656374 
 1949              	.LASF14:
 1950 0173 63795F6D 		.ascii	"cy_meta_wonvl\000"
 1950      6574615F 
 1950      776F6E76 
 1950      6C00
 1951              	.LASF11:
 1952 0181 73697A65 		.ascii	"sizetype\000"
 1952      74797065 
 1952      00
 1953              	.LASF6:
 1954 018a 6C6F6E67 		.ascii	"long long int\000"
 1954      206C6F6E 
 1954      6720696E 
 1954      7400
 1955              	.LASF2:
 1956 0198 73686F72 		.ascii	"short int\000"
 1956      7420696E 
 1956      7400
 1957              	.LASF4:
 1958 01a2 6C6F6E67 		.ascii	"long int\000"
 1958      20696E74 
 1958      00
 1959              	.LASF0:
 1960 01ab 7369676E 		.ascii	"signed char\000"
 1960      65642063 
 1960      68617200 
 1961              	.LASF18:
 1962 01b7 47656E65 		.ascii	"Generated_Source\\PSoC5\\cymetadata.c\000"
 1962      72617465 
 1962      645F536F 
 1962      75726365 
 1962      5C50536F 
 1963              		.ident	"GCC: (GNU Tools for ARM Embedded Processors) 5.4.1 20160609 (release) [ARM/embedded-5-bran
