--------------- Clean Started: 04/09/2025 22:17:49 Project: Projet DIGIELEC, Configuration: ARM GCC 5.4-2016-q2-update Debug ---------------
Deleting file ".\CortexM3\ARM_GCC_541\Debug\main.o"
Deleting file ".\CortexM3\ARM_GCC_541\Debug\keypad.o"
Deleting file ".\CortexM3\ARM_GCC_541\Debug\linked_list.o"
Deleting file ".\CortexM3\ARM_GCC_541\Debug\cyfitter_cfg.o"
Deleting file ".\CortexM3\ARM_GCC_541\Debug\cymetadata.o"
Deleting file ".\CortexM3\ARM_GCC_541\Debug\UART_1.o"
Deleting file ".\CortexM3\ARM_GCC_541\Debug\UART_1_PM.o"
Deleting file ".\CortexM3\ARM_GCC_541\Debug\UART_1_INT.o"
Deleting file ".\CortexM3\ARM_GCC_541\Debug\UART_1_BOOT.o"
Deleting file ".\CortexM3\ARM_GCC_541\Debug\UART_1_IntClock.o"
Deleting file ".\CortexM3\ARM_GCC_541\Debug\Cm3Start.o"
Deleting file ".\CortexM3\ARM_GCC_541\Debug\CyBootAsmGnu.o"
Deleting file ".\CortexM3\ARM_GCC_541\Debug\CyDmac.o"
Deleting file ".\CortexM3\ARM_GCC_541\Debug\CyFlash.o"
Deleting file ".\CortexM3\ARM_GCC_541\Debug\CyLib.o"
Deleting file ".\CortexM3\ARM_GCC_541\Debug\cyPm.o"
Deleting file ".\CortexM3\ARM_GCC_541\Debug\CySpc.o"
Deleting file ".\CortexM3\ARM_GCC_541\Debug\cyutils.o"
Deleting file ".\CortexM3\ARM_GCC_541\Debug\cy_em_eeprom.o"
Deleting file ".\CortexM3\ARM_GCC_541\Debug\TIMER.o"
Deleting file ".\CortexM3\ARM_GCC_541\Debug\TIMER_PM.o"
Deleting file ".\CortexM3\ARM_GCC_541\Debug\ROW0.o"
Deleting file ".\CortexM3\ARM_GCC_541\Debug\ROW3.o"
Deleting file ".\CortexM3\ARM_GCC_541\Debug\ROW2.o"
Deleting file ".\CortexM3\ARM_GCC_541\Debug\ROW1.o"
Deleting file ".\CortexM3\ARM_GCC_541\Debug\COL1.o"
Deleting file ".\CortexM3\ARM_GCC_541\Debug\COL3.o"
Deleting file ".\CortexM3\ARM_GCC_541\Debug\COL2.o"
Deleting file ".\CortexM3\ARM_GCC_541\Debug\PWM_GAUCHE.o"
Deleting file ".\CortexM3\ARM_GCC_541\Debug\PWM_GAUCHE_PM.o"
Deleting file ".\CortexM3\ARM_GCC_541\Debug\PWM_DROITE.o"
Deleting file ".\CortexM3\ARM_GCC_541\Debug\PWM_DROITE_PM.o"
Deleting file ".\CortexM3\ARM_GCC_541\Debug\timer_clock_1.o"
Deleting file ".\CortexM3\ARM_GCC_541\Debug\timer_clock_2.o"
Deleting file ".\CortexM3\ARM_GCC_541\Debug\VDAC.o"
Deleting file ".\CortexM3\ARM_GCC_541\Debug\VDAC_PM.o"
Deleting file ".\CortexM3\ARM_GCC_541\Debug\AUDIO.o"
Deleting file ".\CortexM3\ARM_GCC_541\Debug\LED_1.o"
Deleting file ".\CortexM3\ARM_GCC_541\Debug\LED_2.o"
Deleting file ".\CortexM3\ARM_GCC_541\Debug\LED_3.o"
Deleting file ".\CortexM3\ARM_GCC_541\Debug\LED_4.o"
Deleting file ".\CortexM3\ARM_GCC_541\Debug\SWITCH_1.o"
Deleting file ".\CortexM3\ARM_GCC_541\Debug\SWITCH_2.o"
Deleting file ".\CortexM3\ARM_GCC_541\Debug\SWITCH_3.o"
Deleting file ".\CortexM3\ARM_GCC_541\Debug\SWITCH_4.o"
Deleting file ".\CortexM3\ARM_GCC_541\Debug\ADC_POTENTIOMETRE.o"
Deleting file ".\CortexM3\ARM_GCC_541\Debug\ADC_POTENTIOMETRE_PM.o"
Deleting file ".\CortexM3\ARM_GCC_541\Debug\ADC_POTENTIOMETRE_INT.o"
Deleting file ".\CortexM3\ARM_GCC_541\Debug\PIN_POTENTIOMETER.o"
Deleting file ".\CortexM3\ARM_GCC_541\Debug\LCD_Char_1.o"
Deleting file ".\CortexM3\ARM_GCC_541\Debug\LCD_Char_1_PM.o"
Deleting file ".\CortexM3\ARM_GCC_541\Debug\ADC_POTENTIOMETRE_AMux.o"
Deleting file ".\CortexM3\ARM_GCC_541\Debug\ADC_POTENTIOMETRE_Ext_CP_Clk.o"
Deleting file ".\CortexM3\ARM_GCC_541\Debug\ADC_POTENTIOMETRE_IRQ.o"
Deleting file ".\CortexM3\ARM_GCC_541\Debug\ADC_POTENTIOMETRE_theACLK.o"
Deleting file ".\CortexM3\ARM_GCC_541\Debug\LCD_Char_1_LCDPort.o"
Deleting file ".\CortexM3\ARM_GCC_541\Debug\Projet DIGIELEC.hex"
Deleting file ".\CortexM3\ARM_GCC_541\Debug\Projet DIGIELEC.elf"
Deleting file ".\CortexM3\ARM_GCC_541\Debug\Projet DIGIELEC.map"
Deleting file ".\Projet DIGIELEC.cycdx"
Deleting file ".\Projet DIGIELEC.svd"
Deleting file ".\Projet DIGIELEC.rpt"
Deleting file ".\Projet DIGIELEC_timing.html"
Deleting file ".\CortexM3\ARM_GCC_541\Debug\.deps\SOURCE_C__ARM_GCC_GENERIC.P"
Deleting file ".\CortexM3\ARM_GCC_541\Debug\.deps\SOURCE_ASM__ARM_GCC_GENERIC.P"
--------------- Clean Succeeded: 04/09/2025 22:17:49 ---------------
