ARM GAS  C:\Users\dorig\AppData\Local\Temp\ccCmKseS.s 			page 1


   1              		.syntax unified
   2              		.cpu cortex-m3
   3              		.fpu softvfp
   4              		.eabi_attribute 20, 1
   5              		.eabi_attribute 21, 1
   6              		.eabi_attribute 23, 3
   7              		.eabi_attribute 24, 1
   8              		.eabi_attribute 25, 1
   9              		.eabi_attribute 26, 1
  10              		.eabi_attribute 30, 1
  11              		.eabi_attribute 34, 1
  12              		.eabi_attribute 18, 4
  13              		.thumb
  14              		.syntax unified
  15              		.file	"cymetadata.c"
  16              		.text
  17              	.Ltext0:
  18              		.cfi_sections	.debug_frame
  19              		.global	cy_metadata
  20              		.global	cy_meta_flashprotect
  21              		.global	cy_meta_wonvl
  22              		.global	cy_meta_custnvl
  23              		.global	cy_meta_configecc
  24              		.section	.cyconfigecc,"a",%progbits
  25              		.align	2
  26              		.type	cy_meta_configecc, %object
  27              		.size	cy_meta_configecc, 748
  28              	cy_meta_configecc:
  29 0000 02       		.byte	2
  30 0001 52       		.byte	82
  31 0002 00       		.byte	0
  32 0003 40       		.byte	64
  33 0004 01       		.byte	1
  34 0005 64       		.byte	100
  35 0006 00       		.byte	0
  36 0007 40       		.byte	64
  37 0008 02       		.byte	2
  38 0009 65       		.byte	101
  39 000a 00       		.byte	0
  40 000b 40       		.byte	64
  41 000c 6A       		.byte	106
  42 000d 08       		.byte	8
  43 000e 01       		.byte	1
  44 000f 40       		.byte	64
  45 0010 39       		.byte	57
  46 0011 09       		.byte	9
  47 0012 01       		.byte	1
  48 0013 40       		.byte	64
  49 0014 13       		.byte	19
  50 0015 18       		.byte	24
  51 0016 01       		.byte	1
  52 0017 40       		.byte	64
  53 0018 43       		.byte	67
  54 0019 19       		.byte	25
  55 001a 01       		.byte	1
  56 001b 40       		.byte	64
  57 001c 02       		.byte	2
ARM GAS  C:\Users\dorig\AppData\Local\Temp\ccCmKseS.s 			page 2


  58 001d 1B       		.byte	27
  59 001e 01       		.byte	1
  60 001f 40       		.byte	64
  61 0020 02       		.byte	2
  62 0021 45       		.byte	69
  63 0022 01       		.byte	1
  64 0023 40       		.byte	64
  65 0024 01       		.byte	1
  66 0025 46       		.byte	70
  67 0026 01       		.byte	1
  68 0027 40       		.byte	64
  69 0028 01       		.byte	1
  70 0029 47       		.byte	71
  71 002a 01       		.byte	1
  72 002b 40       		.byte	64
  73 002c 05       		.byte	5
  74 002d 4C       		.byte	76
  75 002e 01       		.byte	1
  76 002f 40       		.byte	64
  77 0030 02       		.byte	2
  78 0031 4D       		.byte	77
  79 0032 01       		.byte	1
  80 0033 40       		.byte	64
  81 0034 04       		.byte	4
  82 0035 50       		.byte	80
  83 0036 01       		.byte	1
  84 0037 40       		.byte	64
  85 0038 0C       		.byte	12
  86 0039 04       		.byte	4
  87 003a 11       		.byte	17
  88 003b 80       		.byte	-128
  89 003c 89       		.byte	-119
  90 003d 0F       		.byte	15
  91 003e 88       		.byte	-120
  92 003f 38       		.byte	56
  93 0040 89       		.byte	-119
  94 0041 72       		.byte	114
  95 0042 01       		.byte	1
  96 0043 80       		.byte	-128
  97 0044 02       		.byte	2
  98 0045 03       		.byte	3
  99 0046 03       		.byte	3
 100 0047 13       		.byte	19
 101 0048 07       		.byte	7
 102 0049 08       		.byte	8
 103 004a 08       		.byte	8
 104 004b 14       		.byte	20
 105 004c 10       		.byte	16
 106 004d 10       		.byte	16
 107 004e 12       		.byte	18
 108 004f AC       		.byte	-84
 109 0050 13       		.byte	19
 110 0051 0C       		.byte	12
 111 0052 14       		.byte	20
 112 0053 0C       		.byte	12
 113 0054 15       		.byte	21
 114 0055 2C       		.byte	44
ARM GAS  C:\Users\dorig\AppData\Local\Temp\ccCmKseS.s 			page 3


 115 0056 16       		.byte	22
 116 0057 71       		.byte	113
 117 0058 17       		.byte	23
 118 0059 43       		.byte	67
 119 005a 1E       		.byte	30
 120 005b 20       		.byte	32
 121 005c 20       		.byte	32
 122 005d 09       		.byte	9
 123 005e 22       		.byte	34
 124 005f D0       		.byte	-48
 125 0060 24       		.byte	36
 126 0061 DC       		.byte	-36
 127 0062 26       		.byte	38
 128 0063 22       		.byte	34
 129 0064 28       		.byte	40
 130 0065 10       		.byte	16
 131 0066 29       		.byte	41
 132 0067 71       		.byte	113
 133 0068 2A       		.byte	42
 134 0069 40       		.byte	64
 135 006a 2B       		.byte	43
 136 006b 0E       		.byte	14
 137 006c 2D       		.byte	45
 138 006d 71       		.byte	113
 139 006e 2F       		.byte	47
 140 006f 06       		.byte	6
 141 0070 32       		.byte	50
 142 0071 E0       		.byte	-32
 143 0072 33       		.byte	51
 144 0073 30       		.byte	48
 145 0074 35       		.byte	53
 146 0075 0F       		.byte	15
 147 0076 36       		.byte	54
 148 0077 1F       		.byte	31
 149 0078 37       		.byte	55
 150 0079 C0       		.byte	-64
 151 007a 39       		.byte	57
 152 007b 88       		.byte	-120
 153 007c 3A       		.byte	58
 154 007d 28       		.byte	40
 155 007e 3B       		.byte	59
 156 007f 20       		.byte	32
 157 0080 3F       		.byte	63
 158 0081 04       		.byte	4
 159 0082 40       		.byte	64
 160 0083 02       		.byte	2
 161 0084 47       		.byte	71
 162 0085 04       		.byte	4
 163 0086 49       		.byte	73
 164 0087 FF       		.byte	-1
 165 0088 4A       		.byte	74
 166 0089 07       		.byte	7
 167 008a 4B       		.byte	75
 168 008b FF       		.byte	-1
 169 008c 4C       		.byte	76
 170 008d 40       		.byte	64
 171 008e 4D       		.byte	77
ARM GAS  C:\Users\dorig\AppData\Local\Temp\ccCmKseS.s 			page 4


 172 008f 20       		.byte	32
 173 0090 4E       		.byte	78
 174 0091 F0       		.byte	-16
 175 0092 4F       		.byte	79
 176 0093 05       		.byte	5
 177 0094 50       		.byte	80
 178 0095 08       		.byte	8
 179 0096 58       		.byte	88
 180 0097 04       		.byte	4
 181 0098 59       		.byte	89
 182 0099 04       		.byte	4
 183 009a 5A       		.byte	90
 184 009b 04       		.byte	4
 185 009c 5F       		.byte	95
 186 009d 01       		.byte	1
 187 009e 60       		.byte	96
 188 009f 40       		.byte	64
 189 00a0 61       		.byte	97
 190 00a1 A8       		.byte	-88
 191 00a2 62       		.byte	98
 192 00a3 40       		.byte	64
 193 00a4 63       		.byte	99
 194 00a5 20       		.byte	32
 195 00a6 81       		.byte	-127
 196 00a7 04       		.byte	4
 197 00a8 82       		.byte	-126
 198 00a9 40       		.byte	64
 199 00aa 85       		.byte	-123
 200 00ab 39       		.byte	57
 201 00ac 86       		.byte	-122
 202 00ad 40       		.byte	64
 203 00ae 87       		.byte	-121
 204 00af 06       		.byte	6
 205 00b0 88       		.byte	-120
 206 00b1 13       		.byte	19
 207 00b2 89       		.byte	-119
 208 00b3 0E       		.byte	14
 209 00b4 8A       		.byte	-118
 210 00b5 04       		.byte	4
 211 00b6 8B       		.byte	-117
 212 00b7 31       		.byte	49
 213 00b8 8E       		.byte	-114
 214 00b9 20       		.byte	32
 215 00ba 8F       		.byte	-113
 216 00bb 11       		.byte	17
 217 00bc 90       		.byte	-112
 218 00bd 13       		.byte	19
 219 00be 92       		.byte	-110
 220 00bf 0C       		.byte	12
 221 00c0 99       		.byte	-103
 222 00c1 02       		.byte	2
 223 00c2 9D       		.byte	-99
 224 00c3 0F       		.byte	15
 225 00c4 9F       		.byte	-97
 226 00c5 30       		.byte	48
 227 00c6 A2       		.byte	-94
 228 00c7 15       		.byte	21
ARM GAS  C:\Users\dorig\AppData\Local\Temp\ccCmKseS.s 			page 5


 229 00c8 A4       		.byte	-92
 230 00c9 0A       		.byte	10
 231 00ca A5       		.byte	-91
 232 00cb 3F       		.byte	63
 233 00cc A6       		.byte	-90
 234 00cd 14       		.byte	20
 235 00ce A8       		.byte	-88
 236 00cf 03       		.byte	3
 237 00d0 A9       		.byte	-87
 238 00d1 06       		.byte	6
 239 00d2 AA       		.byte	-86
 240 00d3 14       		.byte	20
 241 00d4 AE       		.byte	-82
 242 00d5 08       		.byte	8
 243 00d6 B0       		.byte	-80
 244 00d7 0F       		.byte	15
 245 00d8 B1       		.byte	-79
 246 00d9 07       		.byte	7
 247 00da B2       		.byte	-78
 248 00db 60       		.byte	96
 249 00dc B3       		.byte	-77
 250 00dd 08       		.byte	8
 251 00de B4       		.byte	-76
 252 00df 10       		.byte	16
 253 00e0 B5       		.byte	-75
 254 00e1 16       		.byte	22
 255 00e2 B7       		.byte	-73
 256 00e3 20       		.byte	32
 257 00e4 B9       		.byte	-71
 258 00e5 80       		.byte	-128
 259 00e6 BA       		.byte	-70
 260 00e7 02       		.byte	2
 261 00e8 BB       		.byte	-69
 262 00e9 20       		.byte	32
 263 00ea BE       		.byte	-66
 264 00eb 14       		.byte	20
 265 00ec BF       		.byte	-65
 266 00ed 04       		.byte	4
 267 00ee C0       		.byte	-64
 268 00ef 41       		.byte	65
 269 00f0 C1       		.byte	-63
 270 00f1 03       		.byte	3
 271 00f2 C6       		.byte	-58
 272 00f3 BE       		.byte	-66
 273 00f4 C7       		.byte	-57
 274 00f5 0C       		.byte	12
 275 00f6 C8       		.byte	-56
 276 00f7 1C       		.byte	28
 277 00f8 C9       		.byte	-55
 278 00f9 FF       		.byte	-1
 279 00fa CA       		.byte	-54
 280 00fb FF       		.byte	-1
 281 00fc CB       		.byte	-53
 282 00fd FF       		.byte	-1
 283 00fe CE       		.byte	-50
 284 00ff F0       		.byte	-16
 285 0100 CF       		.byte	-49
ARM GAS  C:\Users\dorig\AppData\Local\Temp\ccCmKseS.s 			page 6


 286 0101 44       		.byte	68
 287 0102 D0       		.byte	-48
 288 0103 0C       		.byte	12
 289 0104 D4       		.byte	-44
 290 0105 01       		.byte	1
 291 0106 D8       		.byte	-40
 292 0107 04       		.byte	4
 293 0108 D9       		.byte	-39
 294 0109 04       		.byte	4
 295 010a DA       		.byte	-38
 296 010b 04       		.byte	4
 297 010c DB       		.byte	-37
 298 010d 04       		.byte	4
 299 010e DF       		.byte	-33
 300 010f 01       		.byte	1
 301 0110 E6       		.byte	-26
 302 0111 C0       		.byte	-64
 303 0112 EA       		.byte	-22
 304 0113 40       		.byte	64
 305 0114 EB       		.byte	-21
 306 0115 02       		.byte	2
 307 0116 00       		.byte	0
 308 0117 06       		.byte	6
 309 0118 01       		.byte	1
 310 0119 80       		.byte	-128
 311 011a 03       		.byte	3
 312 011b 08       		.byte	8
 313 011c 04       		.byte	4
 314 011d 21       		.byte	33
 315 011e 0A       		.byte	10
 316 011f 40       		.byte	64
 317 0120 0D       		.byte	13
 318 0121 08       		.byte	8
 319 0122 0E       		.byte	14
 320 0123 40       		.byte	64
 321 0124 0F       		.byte	15
 322 0125 02       		.byte	2
 323 0126 10       		.byte	16
 324 0127 89       		.byte	-119
 325 0128 13       		.byte	19
 326 0129 28       		.byte	40
 327 012a 16       		.byte	22
 328 012b 04       		.byte	4
 329 012c 17       		.byte	23
 330 012d 0A       		.byte	10
 331 012e 18       		.byte	24
 332 012f 18       		.byte	24
 333 0130 1A       		.byte	26
 334 0131 40       		.byte	64
 335 0132 1C       		.byte	28
 336 0133 01       		.byte	1
 337 0134 1D       		.byte	29
 338 0135 08       		.byte	8
 339 0136 1F       		.byte	31
 340 0137 28       		.byte	40
 341 0138 21       		.byte	33
 342 0139 10       		.byte	16
ARM GAS  C:\Users\dorig\AppData\Local\Temp\ccCmKseS.s 			page 7


 343 013a 22       		.byte	34
 344 013b 04       		.byte	4
 345 013c 23       		.byte	35
 346 013d 45       		.byte	69
 347 013e 27       		.byte	39
 348 013f 1A       		.byte	26
 349 0140 2A       		.byte	42
 350 0141 20       		.byte	32
 351 0142 2B       		.byte	43
 352 0143 20       		.byte	32
 353 0144 2E       		.byte	46
 354 0145 40       		.byte	64
 355 0146 2F       		.byte	47
 356 0147 08       		.byte	8
 357 0148 30       		.byte	48
 358 0149 20       		.byte	32
 359 014a 32       		.byte	50
 360 014b 40       		.byte	64
 361 014c 34       		.byte	52
 362 014d 01       		.byte	1
 363 014e 37       		.byte	55
 364 014f 0A       		.byte	10
 365 0150 39       		.byte	57
 366 0151 28       		.byte	40
 367 0152 3A       		.byte	58
 368 0153 02       		.byte	2
 369 0154 3B       		.byte	59
 370 0155 80       		.byte	-128
 371 0156 3C       		.byte	60
 372 0157 08       		.byte	8
 373 0158 3E       		.byte	62
 374 0159 01       		.byte	1
 375 015a 3F       		.byte	63
 376 015b 02       		.byte	2
 377 015c 42       		.byte	66
 378 015d 41       		.byte	65
 379 015e 43       		.byte	67
 380 015f 08       		.byte	8
 381 0160 46       		.byte	70
 382 0161 40       		.byte	64
 383 0162 47       		.byte	71
 384 0163 11       		.byte	17
 385 0164 4C       		.byte	76
 386 0165 80       		.byte	-128
 387 0166 4F       		.byte	79
 388 0167 02       		.byte	2
 389 0168 50       		.byte	80
 390 0169 18       		.byte	24
 391 016a 52       		.byte	82
 392 016b 40       		.byte	64
 393 016c 54       		.byte	84
 394 016d 04       		.byte	4
 395 016e 56       		.byte	86
 396 016f 04       		.byte	4
 397 0170 58       		.byte	88
 398 0171 80       		.byte	-128
 399 0172 59       		.byte	89
ARM GAS  C:\Users\dorig\AppData\Local\Temp\ccCmKseS.s 			page 8


 400 0173 04       		.byte	4
 401 0174 5B       		.byte	91
 402 0175 21       		.byte	33
 403 0176 8C       		.byte	-116
 404 0177 84       		.byte	-124
 405 0178 C0       		.byte	-64
 406 0179 5F       		.byte	95
 407 017a C2       		.byte	-62
 408 017b B8       		.byte	-72
 409 017c C4       		.byte	-60
 410 017d 7F       		.byte	127
 411 017e CA       		.byte	-54
 412 017f 36       		.byte	54
 413 0180 CC       		.byte	-52
 414 0181 CC       		.byte	-52
 415 0182 CE       		.byte	-50
 416 0183 CF       		.byte	-49
 417 0184 D0       		.byte	-48
 418 0185 2B       		.byte	43
 419 0186 D6       		.byte	-42
 420 0187 0F       		.byte	15
 421 0188 00       		.byte	0
 422 0189 04       		.byte	4
 423 018a 0C       		.byte	12
 424 018b 01       		.byte	1
 425 018c 0F       		.byte	15
 426 018d 01       		.byte	1
 427 018e 12       		.byte	18
 428 018f 02       		.byte	2
 429 0190 1B       		.byte	27
 430 0191 01       		.byte	1
 431 0192 1E       		.byte	30
 432 0193 02       		.byte	2
 433 0194 24       		.byte	36
 434 0195 01       		.byte	1
 435 0196 28       		.byte	40
 436 0197 01       		.byte	1
 437 0198 32       		.byte	50
 438 0199 02       		.byte	2
 439 019a 34       		.byte	52
 440 019b 04       		.byte	4
 441 019c 36       		.byte	54
 442 019d 01       		.byte	1
 443 019e 37       		.byte	55
 444 019f 01       		.byte	1
 445 01a0 3E       		.byte	62
 446 01a1 14       		.byte	20
 447 01a2 3F       		.byte	63
 448 01a3 40       		.byte	64
 449 01a4 54       		.byte	84
 450 01a5 18       		.byte	24
 451 01a6 58       		.byte	88
 452 01a7 04       		.byte	4
 453 01a8 59       		.byte	89
 454 01a9 04       		.byte	4
 455 01aa 5B       		.byte	91
 456 01ab 04       		.byte	4
ARM GAS  C:\Users\dorig\AppData\Local\Temp\ccCmKseS.s 			page 9


 457 01ac 5F       		.byte	95
 458 01ad 01       		.byte	1
 459 01ae 00       		.byte	0
 460 01af 02       		.byte	2
 461 01b0 01       		.byte	1
 462 01b1 A0       		.byte	-96
 463 01b2 03       		.byte	3
 464 01b3 20       		.byte	32
 465 01b4 04       		.byte	4
 466 01b5 01       		.byte	1
 467 01b6 07       		.byte	7
 468 01b7 02       		.byte	2
 469 01b8 09       		.byte	9
 470 01b9 08       		.byte	8
 471 01ba 0A       		.byte	10
 472 01bb 81       		.byte	-127
 473 01bc 0B       		.byte	11
 474 01bd 04       		.byte	4
 475 01be 0E       		.byte	14
 476 01bf 80       		.byte	-128
 477 01c0 0F       		.byte	15
 478 01c1 01       		.byte	1
 479 01c2 11       		.byte	17
 480 01c3 14       		.byte	20
 481 01c4 12       		.byte	18
 482 01c5 40       		.byte	64
 483 01c6 17       		.byte	23
 484 01c7 18       		.byte	24
 485 01c8 18       		.byte	24
 486 01c9 04       		.byte	4
 487 01ca 19       		.byte	25
 488 01cb B6       		.byte	-74
 489 01cc 1E       		.byte	30
 490 01cd 09       		.byte	9
 491 01ce 1F       		.byte	31
 492 01cf 44       		.byte	68
 493 01d0 21       		.byte	33
 494 01d1 0C       		.byte	12
 495 01d2 22       		.byte	34
 496 01d3 49       		.byte	73
 497 01d4 27       		.byte	39
 498 01d5 01       		.byte	1
 499 01d6 29       		.byte	41
 500 01d7 90       		.byte	-112
 501 01d8 2B       		.byte	43
 502 01d9 A0       		.byte	-96
 503 01da 30       		.byte	48
 504 01db 20       		.byte	32
 505 01dc 31       		.byte	49
 506 01dd 08       		.byte	8
 507 01de 32       		.byte	50
 508 01df 41       		.byte	65
 509 01e0 36       		.byte	54
 510 01e1 20       		.byte	32
 511 01e2 3A       		.byte	58
 512 01e3 22       		.byte	34
 513 01e4 3B       		.byte	59
ARM GAS  C:\Users\dorig\AppData\Local\Temp\ccCmKseS.s 			page 10


 514 01e5 84       		.byte	-124
 515 01e6 3F       		.byte	63
 516 01e7 40       		.byte	64
 517 01e8 40       		.byte	64
 518 01e9 10       		.byte	16
 519 01ea 42       		.byte	66
 520 01eb 01       		.byte	1
 521 01ec 43       		.byte	67
 522 01ed 20       		.byte	32
 523 01ee 46       		.byte	70
 524 01ef 80       		.byte	-128
 525 01f0 47       		.byte	71
 526 01f1 01       		.byte	1
 527 01f2 4A       		.byte	74
 528 01f3 68       		.byte	104
 529 01f4 4B       		.byte	75
 530 01f5 40       		.byte	64
 531 01f6 5A       		.byte	90
 532 01f7 08       		.byte	8
 533 01f8 5D       		.byte	93
 534 01f9 02       		.byte	2
 535 01fa 66       		.byte	102
 536 01fb 80       		.byte	-128
 537 01fc 67       		.byte	103
 538 01fd 08       		.byte	8
 539 01fe 69       		.byte	105
 540 01ff 14       		.byte	20
 541 0200 6B       		.byte	107
 542 0201 1A       		.byte	26
 543 0202 70       		.byte	112
 544 0203 20       		.byte	32
 545 0204 72       		.byte	114
 546 0205 22       		.byte	34
 547 0206 8E       		.byte	-114
 548 0207 04       		.byte	4
 549 0208 90       		.byte	-112
 550 0209 11       		.byte	17
 551 020a 92       		.byte	-110
 552 020b 08       		.byte	8
 553 020c 93       		.byte	-109
 554 020d 45       		.byte	69
 555 020e 94       		.byte	-108
 556 020f 04       		.byte	4
 557 0210 95       		.byte	-107
 558 0211 08       		.byte	8
 559 0212 96       		.byte	-106
 560 0213 80       		.byte	-128
 561 0214 97       		.byte	-105
 562 0215 80       		.byte	-128
 563 0216 9A       		.byte	-102
 564 0217 40       		.byte	64
 565 0218 9D       		.byte	-99
 566 0219 84       		.byte	-124
 567 021a 9E       		.byte	-98
 568 021b 22       		.byte	34
 569 021c A3       		.byte	-93
 570 021d 20       		.byte	32
ARM GAS  C:\Users\dorig\AppData\Local\Temp\ccCmKseS.s 			page 11


 571 021e A4       		.byte	-92
 572 021f 21       		.byte	33
 573 0220 C0       		.byte	-64
 574 0221 9F       		.byte	-97
 575 0222 C2       		.byte	-62
 576 0223 9F       		.byte	-97
 577 0224 C4       		.byte	-60
 578 0225 6E       		.byte	110
 579 0226 CA       		.byte	-54
 580 0227 0F       		.byte	15
 581 0228 CC       		.byte	-52
 582 0229 2F       		.byte	47
 583 022a CE       		.byte	-50
 584 022b 1F       		.byte	31
 585 022c D0       		.byte	-48
 586 022d 0E       		.byte	14
 587 022e D2       		.byte	-46
 588 022f 0C       		.byte	12
 589 0230 D6       		.byte	-42
 590 0231 82       		.byte	-126
 591 0232 D8       		.byte	-40
 592 0233 30       		.byte	48
 593 0234 B0       		.byte	-80
 594 0235 01       		.byte	1
 595 0236 B3       		.byte	-77
 596 0237 80       		.byte	-128
 597 0238 63       		.byte	99
 598 0239 08       		.byte	8
 599 023a D8       		.byte	-40
 600 023b 02       		.byte	2
 601 023c A7       		.byte	-89
 602 023d 04       		.byte	4
 603 023e A7       		.byte	-89
 604 023f 04       		.byte	4
 605 0240 01       		.byte	1
 606 0241 10       		.byte	16
 607 0242 8F       		.byte	-113
 608 0243 04       		.byte	4
 609 0244 A7       		.byte	-89
 610 0245 04       		.byte	4
 611 0246 C0       		.byte	-64
 612 0247 02       		.byte	2
 613 0248 E0       		.byte	-32
 614 0249 02       		.byte	2
 615 024a B1       		.byte	-79
 616 024b 10       		.byte	16
 617 024c EA       		.byte	-22
 618 024d 01       		.byte	1
 619 024e 00       		.byte	0
 620 024f 01       		.byte	1
 621 0250 0C       		.byte	12
 622 0251 01       		.byte	1
 623 0252 10       		.byte	16
 624 0253 01       		.byte	1
 625 0254 1C       		.byte	28
 626 0255 01       		.byte	1
 627 0256 00       		.byte	0
ARM GAS  C:\Users\dorig\AppData\Local\Temp\ccCmKseS.s 			page 12


 628 0257 00       		.byte	0
 629 0258 52       		.byte	82
 630 0259 10       		.byte	16
 631 025a 0C       		.byte	12
 632 025b 00       		.byte	0
 633 025c C0       		.byte	-64
 634 025d DC       		.byte	-36
 635 025e 00       		.byte	0
 636 025f 01       		.byte	1
 637 0260 A4       		.byte	-92
 638 0261 18       		.byte	24
 639 0262 0A       		.byte	10
 640 0263 00       		.byte	0
 641 0264 C8       		.byte	-56
 642 0265 00       		.byte	0
 643 0266 30       		.byte	48
 644 0267 C3       		.byte	-61
 645 0268 00       		.byte	0
 646 0269 00       		.byte	0
 647 026a C0       		.byte	-64
 648 026b 04       		.byte	4
 649 026c C0       		.byte	-64
 650 026d C7       		.byte	-57
 651 026e 00       		.byte	0
 652 026f 18       		.byte	24
 653 0270 00       		.byte	0
 654 0271 08       		.byte	8
 655 0272 C0       		.byte	-64
 656 0273 00       		.byte	0
 657 0274 00       		.byte	0
 658 0275 1C       		.byte	28
 659 0276 C0       		.byte	-64
 660 0277 C2       		.byte	-62
 661 0278 01       		.byte	1
 662 0279 44       		.byte	68
 663 027a 00       		.byte	0
 664 027b 20       		.byte	32
 665 027c 3E       		.byte	62
 666 027d DF       		.byte	-33
 667 027e 00       		.byte	0
 668 027f 00       		.byte	0
 669 0280 3E       		.byte	62
 670 0281 80       		.byte	-128
 671 0282 00       		.byte	0
 672 0283 00       		.byte	0
 673 0284 00       		.byte	0
 674 0285 C0       		.byte	-64
 675 0286 00       		.byte	0
 676 0287 00       		.byte	0
 677 0288 C0       		.byte	-64
 678 0289 20       		.byte	32
 679 028a 01       		.byte	1
 680 028b D8       		.byte	-40
 681 028c 06       		.byte	6
 682 028d 00       		.byte	0
 683 028e 38       		.byte	56
 684 028f 1F       		.byte	31
ARM GAS  C:\Users\dorig\AppData\Local\Temp\ccCmKseS.s 			page 13


 685 0290 00       		.byte	0
 686 0291 00       		.byte	0
 687 0292 00       		.byte	0
 688 0293 88       		.byte	-120
 689 0294 00       		.byte	0
 690 0295 00       		.byte	0
 691 0296 04       		.byte	4
 692 0297 00       		.byte	0
 693 0298 61       		.byte	97
 694 0299 02       		.byte	2
 695 029a 05       		.byte	5
 696 029b 00       		.byte	0
 697 029c 03       		.byte	3
 698 029d EC       		.byte	-20
 699 029e 00       		.byte	0
 700 029f 00       		.byte	0
 701 02a0 03       		.byte	3
 702 02a1 FF       		.byte	-1
 703 02a2 FF       		.byte	-1
 704 02a3 FF       		.byte	-1
 705 02a4 62       		.byte	98
 706 02a5 A0       		.byte	-96
 707 02a6 F0       		.byte	-16
 708 02a7 41       		.byte	65
 709 02a8 0C       		.byte	12
 710 02a9 00       		.byte	0
 711 02aa 00       		.byte	0
 712 02ab 00       		.byte	0
 713 02ac 00       		.byte	0
 714 02ad 00       		.byte	0
 715 02ae 02       		.byte	2
 716 02af 12       		.byte	18
 717 02b0 04       		.byte	4
 718 02b1 04       		.byte	4
 719 02b2 04       		.byte	4
 720 02b3 04       		.byte	4
 721 02b4 00       		.byte	0
 722 02b5 00       		.byte	0
 723 02b6 00       		.byte	0
 724 02b7 01       		.byte	1
 725 02b8 00       		.byte	0
 726 02b9 00       		.byte	0
 727 02ba 00       		.byte	0
 728 02bb 00       		.byte	0
 729 02bc 00       		.byte	0
 730 02bd 00       		.byte	0
 731 02be 40       		.byte	64
 732 02bf 02       		.byte	2
 733 02c0 00       		.byte	0
 734 02c1 10       		.byte	16
 735 02c2 30       		.byte	48
 736 02c3 10       		.byte	16
 737 02c4 00       		.byte	0
 738 02c5 10       		.byte	16
 739 02c6 10       		.byte	16
 740 02c7 12       		.byte	18
 741 02c8 00       		.byte	0
ARM GAS  C:\Users\dorig\AppData\Local\Temp\ccCmKseS.s 			page 14


 742 02c9 00       		.byte	0
 743 02ca 00       		.byte	0
 744 02cb 00       		.byte	0
 745 02cc 00       		.byte	0
 746 02cd 00       		.byte	0
 747 02ce 00       		.byte	0
 748 02cf 00       		.byte	0
 749 02d0 00       		.byte	0
 750 02d1 00       		.byte	0
 751 02d2 00       		.byte	0
 752 02d3 00       		.byte	0
 753 02d4 00       		.byte	0
 754 02d5 00       		.byte	0
 755 02d6 00       		.byte	0
 756 02d7 00       		.byte	0
 757 02d8 04       		.byte	4
 758 02d9 0B       		.byte	11
 759 02da 0B       		.byte	11
 760 02db 00       		.byte	0
 761 02dc 00       		.byte	0
 762 02dd 00       		.byte	0
 763 02de 00       		.byte	0
 764 02df 00       		.byte	0
 765 02e0 80       		.byte	-128
 766 02e1 00       		.byte	0
 767 02e2 00       		.byte	0
 768 02e3 80       		.byte	-128
 769 02e4 80       		.byte	-128
 770 02e5 00       		.byte	0
 771 02e6 80       		.byte	-128
 772 02e7 00       		.byte	0
 773 02e8 00       		.byte	0
 774 02e9 00       		.byte	0
 775 02ea 00       		.byte	0
 776 02eb 00       		.byte	0
 777              		.section	.cywolatch,"a",%progbits
 778              		.align	2
 779              		.type	cy_meta_wonvl, %object
 780              		.size	cy_meta_wonvl, 4
 781              	cy_meta_wonvl:
 782 0000 BC       		.byte	-68
 783 0001 90       		.byte	-112
 784 0002 AC       		.byte	-84
 785 0003 AF       		.byte	-81
 786              		.section	.cycustnvl,"a",%progbits
 787              		.align	2
 788              		.type	cy_meta_custnvl, %object
 789              		.size	cy_meta_custnvl, 4
 790              	cy_meta_custnvl:
 791 0000 00       		.byte	0
 792 0001 00       		.byte	0
 793 0002 40       		.byte	64
 794 0003 05       		.byte	5
 795              		.section	.cymeta,"a",%progbits
 796              		.align	2
 797              		.type	cy_metadata, %object
 798              		.size	cy_metadata, 12
ARM GAS  C:\Users\dorig\AppData\Local\Temp\ccCmKseS.s 			page 15


 799              	cy_metadata:
 800 0000 00       		.byte	0
 801 0001 01       		.byte	1
 802 0002 2E       		.byte	46
 803 0003 16       		.byte	22
 804 0004 10       		.byte	16
 805 0005 69       		.byte	105
 806 0006 00       		.byte	0
 807 0007 01       		.byte	1
 808 0008 00       		.byte	0
 809 0009 00       		.byte	0
 810 000a 00       		.byte	0
 811 000b 00       		.byte	0
 812              		.section	.cyflashprotect,"a",%progbits
 813              		.align	2
 814              		.type	cy_meta_flashprotect, %object
 815              		.size	cy_meta_flashprotect, 256
 816              	cy_meta_flashprotect:
 817 0000 00000000 		.space	256
 817      00000000 
 817      00000000 
 817      00000000 
 817      00000000 
 818              		.text
 819              	.Letext0:
 820              		.file 1 "c:\\program files (x86)\\cypress\\psoc creator\\4.4\\psoc creator\\import\\gnu\\arm\\5.4.
 821              		.file 2 "c:\\program files (x86)\\cypress\\psoc creator\\4.4\\psoc creator\\import\\gnu\\arm\\5.4.
 822              		.file 3 "Generated_Source\\PSoC5\\cymetadata.c"
 823              		.section	.debug_info,"",%progbits
 824              	.Ldebug_info0:
 825 0000 31010000 		.4byte	0x131
 826 0004 0400     		.2byte	0x4
 827 0006 00000000 		.4byte	.Ldebug_abbrev0
 828 000a 04       		.byte	0x4
 829 000b 01       		.uleb128 0x1
 830 000c 61000000 		.4byte	.LASF17
 831 0010 0C       		.byte	0xc
 832 0011 BB010000 		.4byte	.LASF18
 833 0015 16000000 		.4byte	.LASF19
 834 0019 00000000 		.4byte	.Ldebug_line0
 835 001d 02       		.uleb128 0x2
 836 001e 01       		.byte	0x1
 837 001f 06       		.byte	0x6
 838 0020 AF010000 		.4byte	.LASF0
 839 0024 03       		.uleb128 0x3
 840 0025 00000000 		.4byte	.LASF9
 841 0029 01       		.byte	0x1
 842 002a 1D       		.byte	0x1d
 843 002b 2F000000 		.4byte	0x2f
 844 002f 02       		.uleb128 0x2
 845 0030 01       		.byte	0x1
 846 0031 08       		.byte	0x8
 847 0032 53000000 		.4byte	.LASF1
 848 0036 02       		.uleb128 0x2
 849 0037 02       		.byte	0x2
 850 0038 05       		.byte	0x5
 851 0039 9C010000 		.4byte	.LASF2
ARM GAS  C:\Users\dorig\AppData\Local\Temp\ccCmKseS.s 			page 16


 852 003d 02       		.uleb128 0x2
 853 003e 02       		.byte	0x2
 854 003f 07       		.byte	0x7
 855 0040 01010000 		.4byte	.LASF3
 856 0044 02       		.uleb128 0x2
 857 0045 04       		.byte	0x4
 858 0046 05       		.byte	0x5
 859 0047 A6010000 		.4byte	.LASF4
 860 004b 02       		.uleb128 0x2
 861 004c 04       		.byte	0x4
 862 004d 07       		.byte	0x7
 863 004e EF000000 		.4byte	.LASF5
 864 0052 02       		.uleb128 0x2
 865 0053 08       		.byte	0x8
 866 0054 05       		.byte	0x5
 867 0055 8E010000 		.4byte	.LASF6
 868 0059 02       		.uleb128 0x2
 869 005a 08       		.byte	0x8
 870 005b 07       		.byte	0x7
 871 005c 43010000 		.4byte	.LASF7
 872 0060 04       		.uleb128 0x4
 873 0061 04       		.byte	0x4
 874 0062 05       		.byte	0x5
 875 0063 696E7400 		.ascii	"int\000"
 876 0067 02       		.uleb128 0x2
 877 0068 04       		.byte	0x4
 878 0069 07       		.byte	0x7
 879 006a 36010000 		.4byte	.LASF8
 880 006e 03       		.uleb128 0x3
 881 006f 5A010000 		.4byte	.LASF10
 882 0073 02       		.byte	0x2
 883 0074 18       		.byte	0x18
 884 0075 24000000 		.4byte	0x24
 885 0079 05       		.uleb128 0x5
 886 007a 91000000 		.4byte	0x91
 887 007e 8A000000 		.4byte	0x8a
 888 0082 06       		.uleb128 0x6
 889 0083 8A000000 		.4byte	0x8a
 890 0087 EB02     		.2byte	0x2eb
 891 0089 00       		.byte	0
 892 008a 02       		.uleb128 0x2
 893 008b 04       		.byte	0x4
 894 008c 07       		.byte	0x7
 895 008d 85010000 		.4byte	.LASF11
 896 0091 07       		.uleb128 0x7
 897 0092 6E000000 		.4byte	0x6e
 898 0096 08       		.uleb128 0x8
 899 0097 24010000 		.4byte	.LASF12
 900 009b 03       		.byte	0x3
 901 009c 1F       		.byte	0x1f
 902 009d A7000000 		.4byte	0xa7
 903 00a1 05       		.uleb128 0x5
 904 00a2 03       		.byte	0x3
 905 00a3 00000000 		.4byte	cy_meta_configecc
 906 00a7 07       		.uleb128 0x7
 907 00a8 79000000 		.4byte	0x79
 908 00ac 05       		.uleb128 0x5
ARM GAS  C:\Users\dorig\AppData\Local\Temp\ccCmKseS.s 			page 17


 909 00ad 91000000 		.4byte	0x91
 910 00b1 BC000000 		.4byte	0xbc
 911 00b5 09       		.uleb128 0x9
 912 00b6 8A000000 		.4byte	0x8a
 913 00ba 03       		.byte	0x3
 914 00bb 00       		.byte	0
 915 00bc 08       		.uleb128 0x8
 916 00bd 14010000 		.4byte	.LASF13
 917 00c1 03       		.byte	0x3
 918 00c2 8A       		.byte	0x8a
 919 00c3 CD000000 		.4byte	0xcd
 920 00c7 05       		.uleb128 0x5
 921 00c8 03       		.byte	0x3
 922 00c9 00000000 		.4byte	cy_meta_custnvl
 923 00cd 07       		.uleb128 0x7
 924 00ce AC000000 		.4byte	0xac
 925 00d2 08       		.uleb128 0x8
 926 00d3 77010000 		.4byte	.LASF14
 927 00d7 03       		.byte	0x3
 928 00d8 98       		.byte	0x98
 929 00d9 E3000000 		.4byte	0xe3
 930 00dd 05       		.uleb128 0x5
 931 00de 03       		.byte	0x3
 932 00df 00000000 		.4byte	cy_meta_wonvl
 933 00e3 07       		.uleb128 0x7
 934 00e4 AC000000 		.4byte	0xac
 935 00e8 05       		.uleb128 0x5
 936 00e9 91000000 		.4byte	0x91
 937 00ed F8000000 		.4byte	0xf8
 938 00f1 09       		.uleb128 0x9
 939 00f2 8A000000 		.4byte	0x8a
 940 00f6 FF       		.byte	0xff
 941 00f7 00       		.byte	0
 942 00f8 08       		.uleb128 0x8
 943 00f9 62010000 		.4byte	.LASF15
 944 00fd 03       		.byte	0x3
 945 00fe A6       		.byte	0xa6
 946 00ff 09010000 		.4byte	0x109
 947 0103 05       		.uleb128 0x5
 948 0104 03       		.byte	0x3
 949 0105 00000000 		.4byte	cy_meta_flashprotect
 950 0109 07       		.uleb128 0x7
 951 010a E8000000 		.4byte	0xe8
 952 010e 05       		.uleb128 0x5
 953 010f 91000000 		.4byte	0x91
 954 0113 1E010000 		.4byte	0x11e
 955 0117 09       		.uleb128 0x9
 956 0118 8A000000 		.4byte	0x8a
 957 011c 0B       		.byte	0xb
 958 011d 00       		.byte	0
 959 011e 08       		.uleb128 0x8
 960 011f 0A000000 		.4byte	.LASF16
 961 0123 03       		.byte	0x3
 962 0124 D3       		.byte	0xd3
 963 0125 2F010000 		.4byte	0x12f
 964 0129 05       		.uleb128 0x5
 965 012a 03       		.byte	0x3
ARM GAS  C:\Users\dorig\AppData\Local\Temp\ccCmKseS.s 			page 18


 966 012b 00000000 		.4byte	cy_metadata
 967 012f 07       		.uleb128 0x7
 968 0130 0E010000 		.4byte	0x10e
 969 0134 00       		.byte	0
 970              		.section	.debug_abbrev,"",%progbits
 971              	.Ldebug_abbrev0:
 972 0000 01       		.uleb128 0x1
 973 0001 11       		.uleb128 0x11
 974 0002 01       		.byte	0x1
 975 0003 25       		.uleb128 0x25
 976 0004 0E       		.uleb128 0xe
 977 0005 13       		.uleb128 0x13
 978 0006 0B       		.uleb128 0xb
 979 0007 03       		.uleb128 0x3
 980 0008 0E       		.uleb128 0xe
 981 0009 1B       		.uleb128 0x1b
 982 000a 0E       		.uleb128 0xe
 983 000b 10       		.uleb128 0x10
 984 000c 17       		.uleb128 0x17
 985 000d 00       		.byte	0
 986 000e 00       		.byte	0
 987 000f 02       		.uleb128 0x2
 988 0010 24       		.uleb128 0x24
 989 0011 00       		.byte	0
 990 0012 0B       		.uleb128 0xb
 991 0013 0B       		.uleb128 0xb
 992 0014 3E       		.uleb128 0x3e
 993 0015 0B       		.uleb128 0xb
 994 0016 03       		.uleb128 0x3
 995 0017 0E       		.uleb128 0xe
 996 0018 00       		.byte	0
 997 0019 00       		.byte	0
 998 001a 03       		.uleb128 0x3
 999 001b 16       		.uleb128 0x16
 1000 001c 00       		.byte	0
 1001 001d 03       		.uleb128 0x3
 1002 001e 0E       		.uleb128 0xe
 1003 001f 3A       		.uleb128 0x3a
 1004 0020 0B       		.uleb128 0xb
 1005 0021 3B       		.uleb128 0x3b
 1006 0022 0B       		.uleb128 0xb
 1007 0023 49       		.uleb128 0x49
 1008 0024 13       		.uleb128 0x13
 1009 0025 00       		.byte	0
 1010 0026 00       		.byte	0
 1011 0027 04       		.uleb128 0x4
 1012 0028 24       		.uleb128 0x24
 1013 0029 00       		.byte	0
 1014 002a 0B       		.uleb128 0xb
 1015 002b 0B       		.uleb128 0xb
 1016 002c 3E       		.uleb128 0x3e
 1017 002d 0B       		.uleb128 0xb
 1018 002e 03       		.uleb128 0x3
 1019 002f 08       		.uleb128 0x8
 1020 0030 00       		.byte	0
 1021 0031 00       		.byte	0
 1022 0032 05       		.uleb128 0x5
ARM GAS  C:\Users\dorig\AppData\Local\Temp\ccCmKseS.s 			page 19


 1023 0033 01       		.uleb128 0x1
 1024 0034 01       		.byte	0x1
 1025 0035 49       		.uleb128 0x49
 1026 0036 13       		.uleb128 0x13
 1027 0037 01       		.uleb128 0x1
 1028 0038 13       		.uleb128 0x13
 1029 0039 00       		.byte	0
 1030 003a 00       		.byte	0
 1031 003b 06       		.uleb128 0x6
 1032 003c 21       		.uleb128 0x21
 1033 003d 00       		.byte	0
 1034 003e 49       		.uleb128 0x49
 1035 003f 13       		.uleb128 0x13
 1036 0040 2F       		.uleb128 0x2f
 1037 0041 05       		.uleb128 0x5
 1038 0042 00       		.byte	0
 1039 0043 00       		.byte	0
 1040 0044 07       		.uleb128 0x7
 1041 0045 26       		.uleb128 0x26
 1042 0046 00       		.byte	0
 1043 0047 49       		.uleb128 0x49
 1044 0048 13       		.uleb128 0x13
 1045 0049 00       		.byte	0
 1046 004a 00       		.byte	0
 1047 004b 08       		.uleb128 0x8
 1048 004c 34       		.uleb128 0x34
 1049 004d 00       		.byte	0
 1050 004e 03       		.uleb128 0x3
 1051 004f 0E       		.uleb128 0xe
 1052 0050 3A       		.uleb128 0x3a
 1053 0051 0B       		.uleb128 0xb
 1054 0052 3B       		.uleb128 0x3b
 1055 0053 0B       		.uleb128 0xb
 1056 0054 49       		.uleb128 0x49
 1057 0055 13       		.uleb128 0x13
 1058 0056 3F       		.uleb128 0x3f
 1059 0057 19       		.uleb128 0x19
 1060 0058 02       		.uleb128 0x2
 1061 0059 18       		.uleb128 0x18
 1062 005a 00       		.byte	0
 1063 005b 00       		.byte	0
 1064 005c 09       		.uleb128 0x9
 1065 005d 21       		.uleb128 0x21
 1066 005e 00       		.byte	0
 1067 005f 49       		.uleb128 0x49
 1068 0060 13       		.uleb128 0x13
 1069 0061 2F       		.uleb128 0x2f
 1070 0062 0B       		.uleb128 0xb
 1071 0063 00       		.byte	0
 1072 0064 00       		.byte	0
 1073 0065 00       		.byte	0
 1074              		.section	.debug_aranges,"",%progbits
 1075 0000 14000000 		.4byte	0x14
 1076 0004 0200     		.2byte	0x2
 1077 0006 00000000 		.4byte	.Ldebug_info0
 1078 000a 04       		.byte	0x4
 1079 000b 00       		.byte	0
ARM GAS  C:\Users\dorig\AppData\Local\Temp\ccCmKseS.s 			page 20


 1080 000c 0000     		.2byte	0
 1081 000e 0000     		.2byte	0
 1082 0010 00000000 		.4byte	0
 1083 0014 00000000 		.4byte	0
 1084              		.section	.debug_line,"",%progbits
 1085              	.Ldebug_line0:
 1086 0000 3D010000 		.section	.debug_str,"MS",%progbits,1
 1086      02003701 
 1086      00000201 
 1086      FB0E0D00 
 1086      01010101 
 1087              	.LASF9:
 1088 0000 5F5F7569 		.ascii	"__uint8_t\000"
 1088      6E74385F 
 1088      7400
 1089              	.LASF16:
 1090 000a 63795F6D 		.ascii	"cy_metadata\000"
 1090      65746164 
 1090      61746100 
 1091              	.LASF19:
 1092 0016 433A5C55 		.ascii	"C:\\Users\\dorig\\Documents\\PSoC Creator\\Workspac"
 1092      73657273 
 1092      5C646F72 
 1092      69675C44 
 1092      6F63756D 
 1093 0044 6530315C 		.ascii	"e01\\UART.cydsn\000"
 1093      55415254 
 1093      2E637964 
 1093      736E00
 1094              	.LASF1:
 1095 0053 756E7369 		.ascii	"unsigned char\000"
 1095      676E6564 
 1095      20636861 
 1095      7200
 1096              	.LASF17:
 1097 0061 474E5520 		.ascii	"GNU C11 5.4.1 20160609 (release) [ARM/embedded-5-br"
 1097      43313120 
 1097      352E342E 
 1097      31203230 
 1097      31363036 
 1098 0094 616E6368 		.ascii	"anch revision 237715] -mcpu=cortex-m3 -mthumb -g -O"
 1098      20726576 
 1098      6973696F 
 1098      6E203233 
 1098      37373135 
 1099 00c7 67202D66 		.ascii	"g -ffunction-sections -ffat-lto-objects\000"
 1099      66756E63 
 1099      74696F6E 
 1099      2D736563 
 1099      74696F6E 
 1100              	.LASF5:
 1101 00ef 6C6F6E67 		.ascii	"long unsigned int\000"
 1101      20756E73 
 1101      69676E65 
 1101      6420696E 
 1101      7400
 1102              	.LASF3:
ARM GAS  C:\Users\dorig\AppData\Local\Temp\ccCmKseS.s 			page 21


 1103 0101 73686F72 		.ascii	"short unsigned int\000"
 1103      7420756E 
 1103      7369676E 
 1103      65642069 
 1103      6E7400
 1104              	.LASF13:
 1105 0114 63795F6D 		.ascii	"cy_meta_custnvl\000"
 1105      6574615F 
 1105      63757374 
 1105      6E766C00 
 1106              	.LASF12:
 1107 0124 63795F6D 		.ascii	"cy_meta_configecc\000"
 1107      6574615F 
 1107      636F6E66 
 1107      69676563 
 1107      6300
 1108              	.LASF8:
 1109 0136 756E7369 		.ascii	"unsigned int\000"
 1109      676E6564 
 1109      20696E74 
 1109      00
 1110              	.LASF7:
 1111 0143 6C6F6E67 		.ascii	"long long unsigned int\000"
 1111      206C6F6E 
 1111      6720756E 
 1111      7369676E 
 1111      65642069 
 1112              	.LASF10:
 1113 015a 75696E74 		.ascii	"uint8_t\000"
 1113      385F7400 
 1114              	.LASF15:
 1115 0162 63795F6D 		.ascii	"cy_meta_flashprotect\000"
 1115      6574615F 
 1115      666C6173 
 1115      6870726F 
 1115      74656374 
 1116              	.LASF14:
 1117 0177 63795F6D 		.ascii	"cy_meta_wonvl\000"
 1117      6574615F 
 1117      776F6E76 
 1117      6C00
 1118              	.LASF11:
 1119 0185 73697A65 		.ascii	"sizetype\000"
 1119      74797065 
 1119      00
 1120              	.LASF6:
 1121 018e 6C6F6E67 		.ascii	"long long int\000"
 1121      206C6F6E 
 1121      6720696E 
 1121      7400
 1122              	.LASF2:
 1123 019c 73686F72 		.ascii	"short int\000"
 1123      7420696E 
 1123      7400
 1124              	.LASF4:
 1125 01a6 6C6F6E67 		.ascii	"long int\000"
 1125      20696E74 
ARM GAS  C:\Users\dorig\AppData\Local\Temp\ccCmKseS.s 			page 22


 1125      00
 1126              	.LASF0:
 1127 01af 7369676E 		.ascii	"signed char\000"
 1127      65642063 
 1127      68617200 
 1128              	.LASF18:
 1129 01bb 47656E65 		.ascii	"Generated_Source\\PSoC5\\cymetadata.c\000"
 1129      72617465 
 1129      645F536F 
 1129      75726365 
 1129      5C50536F 
 1130              		.ident	"GCC: (GNU Tools for ARM Embedded Processors) 5.4.1 20160609 (release) [ARM/embedded-5-bran
