ARM GAS  C:\Users\gortz\AppData\Local\Temp\ccW0PgAv.s 			page 1


   1              		.syntax unified
   2              		.cpu cortex-m3
   3              		.fpu softvfp
   4              		.eabi_attribute 20, 1
   5              		.eabi_attribute 21, 1
   6              		.eabi_attribute 23, 3
   7              		.eabi_attribute 24, 1
   8              		.eabi_attribute 25, 1
   9              		.eabi_attribute 26, 1
  10              		.eabi_attribute 30, 1
  11              		.eabi_attribute 34, 1
  12              		.eabi_attribute 18, 4
  13              		.thumb
  14              		.syntax unified
  15              		.file	"main.c"
  16              		.text
  17              	.Ltext0:
  18              		.cfi_sections	.debug_frame
  19              		.section	.text.main,"ax",%progbits
  20              		.align	2
  21              		.global	main
  22              		.thumb
  23              		.thumb_func
  24              		.type	main, %function
  25              	main:
  26              	.LFB63:
  27              		.file 1 "main.c"
   1:main.c        **** /* ========================================
   2:main.c        ****  *
   3:main.c        ****  * Copyright YOUR COMPANY, THE YEAR
   4:main.c        ****  * All Rights Reserved
   5:main.c        ****  * UNPUBLISHED, LICENSED SOFTWARE.
   6:main.c        ****  *
   7:main.c        ****  * CONFIDENTIAL AND PROPRIETARY INFORMATION
   8:main.c        ****  * WHICH IS THE PROPERTY OF your company.
   9:main.c        ****  *
  10:main.c        ****  * ========================================
  11:main.c        **** */
  12:main.c        **** #include "project.h"
  13:main.c        **** 
  14:main.c        **** int main(void)
  15:main.c        **** {
  28              		.loc 1 15 0
  29              		.cfi_startproc
  30              		@ Volatile: function does not return.
  31              		@ args = 0, pretend = 0, frame = 0
  32              		@ frame_needed = 0, uses_anonymous_args = 0
  33 0000 08B5     		push	{r3, lr}
  34              		.cfi_def_cfa_offset 8
  35              		.cfi_offset 3, -8
  36              		.cfi_offset 14, -4
  16:main.c        ****     CyGlobalIntEnable; /* Enable global interrupts. */
  37              		.loc 1 16 0
  38              		.syntax unified
  39              	@ 16 "main.c" 1
  40 0002 62B6     		CPSIE   i
  41              	@ 0 "" 2
ARM GAS  C:\Users\gortz\AppData\Local\Temp\ccW0PgAv.s 			page 2


  17:main.c        ****     UART_1_Start();
  42              		.loc 1 17 0
  43              		.thumb
  44              		.syntax unified
  45 0004 FFF7FEFF 		bl	UART_1_Start
  46              	.LVL0:
  47              	.L2:
  18:main.c        ****     
  19:main.c        ****     /* Place your initialization/startup code here (e.g. MyInst_Start()) */
  20:main.c        ****     
  21:main.c        ****     
  22:main.c        ****     for(;;)
  23:main.c        ****     {
  24:main.c        ****         UART_1_PutString("hello");
  48              		.loc 1 24 0 discriminator 1
  49 0008 0348     		ldr	r0, .L4
  50 000a FFF7FEFF 		bl	UART_1_PutString
  51              	.LVL1:
  25:main.c        ****         UART_1_PutChar('a');
  52              		.loc 1 25 0 discriminator 1
  53 000e 6120     		movs	r0, #97
  54 0010 FFF7FEFF 		bl	UART_1_PutChar
  55              	.LVL2:
  56 0014 F8E7     		b	.L2
  57              	.L5:
  58 0016 00BF     		.align	2
  59              	.L4:
  60 0018 00000000 		.word	.LC0
  61              		.cfi_endproc
  62              	.LFE63:
  63              		.size	main, .-main
  64              		.section	.rodata.str1.4,"aMS",%progbits,1
  65              		.align	2
  66              	.LC0:
  67 0000 68656C6C 		.ascii	"hello\000"
  67      6F00
  68              		.text
  69              	.Letext0:
  70              		.file 2 "c:\\program files (x86)\\cypress\\psoc creator\\4.4\\psoc creator\\import\\gnu\\arm\\5.4.
  71              		.file 3 "c:\\program files (x86)\\cypress\\psoc creator\\4.4\\psoc creator\\import\\gnu\\arm\\5.4.
  72              		.file 4 "Generated_Source\\PSoC5/UART_1.h"
  73              		.file 5 "Generated_Source\\PSoC5/core_cm3.h"
  74              		.section	.debug_info,"",%progbits
  75              	.Ldebug_info0:
  76 0000 1D010000 		.4byte	0x11d
  77 0004 0400     		.2byte	0x4
  78 0006 00000000 		.4byte	.Ldebug_abbrev0
  79 000a 04       		.byte	0x4
  80 000b 01       		.uleb128 0x1
  81 000c 68000000 		.4byte	.LASF19
  82 0010 0C       		.byte	0xc
  83 0011 2E000000 		.4byte	.LASF20
  84 0015 3A000000 		.4byte	.LASF21
  85 0019 00000000 		.4byte	.Ldebug_ranges0+0
  86 001d 00000000 		.4byte	0
  87 0021 00000000 		.4byte	.Ldebug_line0
  88 0025 02       		.uleb128 0x2
ARM GAS  C:\Users\gortz\AppData\Local\Temp\ccW0PgAv.s 			page 3


  89 0026 01       		.byte	0x1
  90 0027 06       		.byte	0x6
  91 0028 7C010000 		.4byte	.LASF0
  92 002c 02       		.uleb128 0x2
  93 002d 01       		.byte	0x1
  94 002e 08       		.byte	0x8
  95 002f 3D010000 		.4byte	.LASF1
  96 0033 02       		.uleb128 0x2
  97 0034 02       		.byte	0x2
  98 0035 05       		.byte	0x5
  99 0036 A4010000 		.4byte	.LASF2
 100 003a 02       		.uleb128 0x2
 101 003b 02       		.byte	0x2
 102 003c 07       		.byte	0x7
 103 003d 0E000000 		.4byte	.LASF3
 104 0041 03       		.uleb128 0x3
 105 0042 94010000 		.4byte	.LASF9
 106 0046 02       		.byte	0x2
 107 0047 3F       		.byte	0x3f
 108 0048 4C000000 		.4byte	0x4c
 109 004c 02       		.uleb128 0x2
 110 004d 04       		.byte	0x4
 111 004e 05       		.byte	0x5
 112 004f 50010000 		.4byte	.LASF4
 113 0053 02       		.uleb128 0x2
 114 0054 04       		.byte	0x4
 115 0055 07       		.byte	0x7
 116 0056 F6000000 		.4byte	.LASF5
 117 005a 02       		.uleb128 0x2
 118 005b 08       		.byte	0x8
 119 005c 05       		.byte	0x5
 120 005d 00000000 		.4byte	.LASF6
 121 0061 02       		.uleb128 0x2
 122 0062 08       		.byte	0x8
 123 0063 07       		.byte	0x7
 124 0064 08010000 		.4byte	.LASF7
 125 0068 04       		.uleb128 0x4
 126 0069 04       		.byte	0x4
 127 006a 05       		.byte	0x5
 128 006b 696E7400 		.ascii	"int\000"
 129 006f 02       		.uleb128 0x2
 130 0070 04       		.byte	0x4
 131 0071 07       		.byte	0x7
 132 0072 21000000 		.4byte	.LASF8
 133 0076 03       		.uleb128 0x3
 134 0077 AE010000 		.4byte	.LASF10
 135 007b 03       		.byte	0x3
 136 007c 2C       		.byte	0x2c
 137 007d 41000000 		.4byte	0x41
 138 0081 02       		.uleb128 0x2
 139 0082 04       		.byte	0x4
 140 0083 04       		.byte	0x4
 141 0084 9E010000 		.4byte	.LASF11
 142 0088 02       		.uleb128 0x2
 143 0089 08       		.byte	0x8
 144 008a 04       		.byte	0x4
 145 008b 68010000 		.4byte	.LASF12
ARM GAS  C:\Users\gortz\AppData\Local\Temp\ccW0PgAv.s 			page 4


 146 008f 02       		.uleb128 0x2
 147 0090 01       		.byte	0x1
 148 0091 08       		.byte	0x8
 149 0092 4B010000 		.4byte	.LASF13
 150 0096 02       		.uleb128 0x2
 151 0097 08       		.byte	0x8
 152 0098 04       		.byte	0x4
 153 0099 88010000 		.4byte	.LASF14
 154 009d 02       		.uleb128 0x2
 155 009e 04       		.byte	0x4
 156 009f 07       		.byte	0x7
 157 00a0 B6010000 		.4byte	.LASF15
 158 00a4 05       		.uleb128 0x5
 159 00a5 35000000 		.4byte	.LASF22
 160 00a9 01       		.byte	0x1
 161 00aa 0E       		.byte	0xe
 162 00ab 68000000 		.4byte	0x68
 163 00af 00000000 		.4byte	.LFB63
 164 00b3 1C000000 		.4byte	.LFE63-.LFB63
 165 00b7 01       		.uleb128 0x1
 166 00b8 9C       		.byte	0x9c
 167 00b9 EE000000 		.4byte	0xee
 168 00bd 06       		.uleb128 0x6
 169 00be 08000000 		.4byte	.LVL0
 170 00c2 FF000000 		.4byte	0xff
 171 00c6 07       		.uleb128 0x7
 172 00c7 0E000000 		.4byte	.LVL1
 173 00cb 0A010000 		.4byte	0x10a
 174 00cf DD000000 		.4byte	0xdd
 175 00d3 08       		.uleb128 0x8
 176 00d4 01       		.uleb128 0x1
 177 00d5 50       		.byte	0x50
 178 00d6 05       		.uleb128 0x5
 179 00d7 03       		.byte	0x3
 180 00d8 00000000 		.4byte	.LC0
 181 00dc 00       		.byte	0
 182 00dd 09       		.uleb128 0x9
 183 00de 14000000 		.4byte	.LVL2
 184 00e2 15010000 		.4byte	0x115
 185 00e6 08       		.uleb128 0x8
 186 00e7 01       		.uleb128 0x1
 187 00e8 50       		.byte	0x50
 188 00e9 02       		.uleb128 0x2
 189 00ea 08       		.byte	0x8
 190 00eb 61       		.byte	0x61
 191 00ec 00       		.byte	0
 192 00ed 00       		.byte	0
 193 00ee 0A       		.uleb128 0xa
 194 00ef 6F010000 		.4byte	.LASF23
 195 00f3 05       		.byte	0x5
 196 00f4 1207     		.2byte	0x712
 197 00f6 FA000000 		.4byte	0xfa
 198 00fa 0B       		.uleb128 0xb
 199 00fb 76000000 		.4byte	0x76
 200 00ff 0C       		.uleb128 0xc
 201 0100 30010000 		.4byte	.LASF16
 202 0104 30010000 		.4byte	.LASF16
ARM GAS  C:\Users\gortz\AppData\Local\Temp\ccW0PgAv.s 			page 5


 203 0108 04       		.byte	0x4
 204 0109 54       		.byte	0x54
 205 010a 0C       		.uleb128 0xc
 206 010b 1F010000 		.4byte	.LASF17
 207 010f 1F010000 		.4byte	.LASF17
 208 0113 04       		.byte	0x4
 209 0114 8B       		.byte	0x8b
 210 0115 0C       		.uleb128 0xc
 211 0116 59010000 		.4byte	.LASF18
 212 011a 59010000 		.4byte	.LASF18
 213 011e 04       		.byte	0x4
 214 011f 8A       		.byte	0x8a
 215 0120 00       		.byte	0
 216              		.section	.debug_abbrev,"",%progbits
 217              	.Ldebug_abbrev0:
 218 0000 01       		.uleb128 0x1
 219 0001 11       		.uleb128 0x11
 220 0002 01       		.byte	0x1
 221 0003 25       		.uleb128 0x25
 222 0004 0E       		.uleb128 0xe
 223 0005 13       		.uleb128 0x13
 224 0006 0B       		.uleb128 0xb
 225 0007 03       		.uleb128 0x3
 226 0008 0E       		.uleb128 0xe
 227 0009 1B       		.uleb128 0x1b
 228 000a 0E       		.uleb128 0xe
 229 000b 55       		.uleb128 0x55
 230 000c 17       		.uleb128 0x17
 231 000d 11       		.uleb128 0x11
 232 000e 01       		.uleb128 0x1
 233 000f 10       		.uleb128 0x10
 234 0010 17       		.uleb128 0x17
 235 0011 00       		.byte	0
 236 0012 00       		.byte	0
 237 0013 02       		.uleb128 0x2
 238 0014 24       		.uleb128 0x24
 239 0015 00       		.byte	0
 240 0016 0B       		.uleb128 0xb
 241 0017 0B       		.uleb128 0xb
 242 0018 3E       		.uleb128 0x3e
 243 0019 0B       		.uleb128 0xb
 244 001a 03       		.uleb128 0x3
 245 001b 0E       		.uleb128 0xe
 246 001c 00       		.byte	0
 247 001d 00       		.byte	0
 248 001e 03       		.uleb128 0x3
 249 001f 16       		.uleb128 0x16
 250 0020 00       		.byte	0
 251 0021 03       		.uleb128 0x3
 252 0022 0E       		.uleb128 0xe
 253 0023 3A       		.uleb128 0x3a
 254 0024 0B       		.uleb128 0xb
 255 0025 3B       		.uleb128 0x3b
 256 0026 0B       		.uleb128 0xb
 257 0027 49       		.uleb128 0x49
 258 0028 13       		.uleb128 0x13
 259 0029 00       		.byte	0
ARM GAS  C:\Users\gortz\AppData\Local\Temp\ccW0PgAv.s 			page 6


 260 002a 00       		.byte	0
 261 002b 04       		.uleb128 0x4
 262 002c 24       		.uleb128 0x24
 263 002d 00       		.byte	0
 264 002e 0B       		.uleb128 0xb
 265 002f 0B       		.uleb128 0xb
 266 0030 3E       		.uleb128 0x3e
 267 0031 0B       		.uleb128 0xb
 268 0032 03       		.uleb128 0x3
 269 0033 08       		.uleb128 0x8
 270 0034 00       		.byte	0
 271 0035 00       		.byte	0
 272 0036 05       		.uleb128 0x5
 273 0037 2E       		.uleb128 0x2e
 274 0038 01       		.byte	0x1
 275 0039 3F       		.uleb128 0x3f
 276 003a 19       		.uleb128 0x19
 277 003b 03       		.uleb128 0x3
 278 003c 0E       		.uleb128 0xe
 279 003d 3A       		.uleb128 0x3a
 280 003e 0B       		.uleb128 0xb
 281 003f 3B       		.uleb128 0x3b
 282 0040 0B       		.uleb128 0xb
 283 0041 27       		.uleb128 0x27
 284 0042 19       		.uleb128 0x19
 285 0043 49       		.uleb128 0x49
 286 0044 13       		.uleb128 0x13
 287 0045 8701     		.uleb128 0x87
 288 0047 19       		.uleb128 0x19
 289 0048 11       		.uleb128 0x11
 290 0049 01       		.uleb128 0x1
 291 004a 12       		.uleb128 0x12
 292 004b 06       		.uleb128 0x6
 293 004c 40       		.uleb128 0x40
 294 004d 18       		.uleb128 0x18
 295 004e 9742     		.uleb128 0x2117
 296 0050 19       		.uleb128 0x19
 297 0051 01       		.uleb128 0x1
 298 0052 13       		.uleb128 0x13
 299 0053 00       		.byte	0
 300 0054 00       		.byte	0
 301 0055 06       		.uleb128 0x6
 302 0056 898201   		.uleb128 0x4109
 303 0059 00       		.byte	0
 304 005a 11       		.uleb128 0x11
 305 005b 01       		.uleb128 0x1
 306 005c 31       		.uleb128 0x31
 307 005d 13       		.uleb128 0x13
 308 005e 00       		.byte	0
 309 005f 00       		.byte	0
 310 0060 07       		.uleb128 0x7
 311 0061 898201   		.uleb128 0x4109
 312 0064 01       		.byte	0x1
 313 0065 11       		.uleb128 0x11
 314 0066 01       		.uleb128 0x1
 315 0067 31       		.uleb128 0x31
 316 0068 13       		.uleb128 0x13
ARM GAS  C:\Users\gortz\AppData\Local\Temp\ccW0PgAv.s 			page 7


 317 0069 01       		.uleb128 0x1
 318 006a 13       		.uleb128 0x13
 319 006b 00       		.byte	0
 320 006c 00       		.byte	0
 321 006d 08       		.uleb128 0x8
 322 006e 8A8201   		.uleb128 0x410a
 323 0071 00       		.byte	0
 324 0072 02       		.uleb128 0x2
 325 0073 18       		.uleb128 0x18
 326 0074 9142     		.uleb128 0x2111
 327 0076 18       		.uleb128 0x18
 328 0077 00       		.byte	0
 329 0078 00       		.byte	0
 330 0079 09       		.uleb128 0x9
 331 007a 898201   		.uleb128 0x4109
 332 007d 01       		.byte	0x1
 333 007e 11       		.uleb128 0x11
 334 007f 01       		.uleb128 0x1
 335 0080 31       		.uleb128 0x31
 336 0081 13       		.uleb128 0x13
 337 0082 00       		.byte	0
 338 0083 00       		.byte	0
 339 0084 0A       		.uleb128 0xa
 340 0085 34       		.uleb128 0x34
 341 0086 00       		.byte	0
 342 0087 03       		.uleb128 0x3
 343 0088 0E       		.uleb128 0xe
 344 0089 3A       		.uleb128 0x3a
 345 008a 0B       		.uleb128 0xb
 346 008b 3B       		.uleb128 0x3b
 347 008c 05       		.uleb128 0x5
 348 008d 49       		.uleb128 0x49
 349 008e 13       		.uleb128 0x13
 350 008f 3F       		.uleb128 0x3f
 351 0090 19       		.uleb128 0x19
 352 0091 3C       		.uleb128 0x3c
 353 0092 19       		.uleb128 0x19
 354 0093 00       		.byte	0
 355 0094 00       		.byte	0
 356 0095 0B       		.uleb128 0xb
 357 0096 35       		.uleb128 0x35
 358 0097 00       		.byte	0
 359 0098 49       		.uleb128 0x49
 360 0099 13       		.uleb128 0x13
 361 009a 00       		.byte	0
 362 009b 00       		.byte	0
 363 009c 0C       		.uleb128 0xc
 364 009d 2E       		.uleb128 0x2e
 365 009e 00       		.byte	0
 366 009f 3F       		.uleb128 0x3f
 367 00a0 19       		.uleb128 0x19
 368 00a1 3C       		.uleb128 0x3c
 369 00a2 19       		.uleb128 0x19
 370 00a3 6E       		.uleb128 0x6e
 371 00a4 0E       		.uleb128 0xe
 372 00a5 03       		.uleb128 0x3
 373 00a6 0E       		.uleb128 0xe
ARM GAS  C:\Users\gortz\AppData\Local\Temp\ccW0PgAv.s 			page 8


 374 00a7 3A       		.uleb128 0x3a
 375 00a8 0B       		.uleb128 0xb
 376 00a9 3B       		.uleb128 0x3b
 377 00aa 0B       		.uleb128 0xb
 378 00ab 00       		.byte	0
 379 00ac 00       		.byte	0
 380 00ad 00       		.byte	0
 381              		.section	.debug_aranges,"",%progbits
 382 0000 1C000000 		.4byte	0x1c
 383 0004 0200     		.2byte	0x2
 384 0006 00000000 		.4byte	.Ldebug_info0
 385 000a 04       		.byte	0x4
 386 000b 00       		.byte	0
 387 000c 0000     		.2byte	0
 388 000e 0000     		.2byte	0
 389 0010 00000000 		.4byte	.LFB63
 390 0014 1C000000 		.4byte	.LFE63-.LFB63
 391 0018 00000000 		.4byte	0
 392 001c 00000000 		.4byte	0
 393              		.section	.debug_ranges,"",%progbits
 394              	.Ldebug_ranges0:
 395 0000 00000000 		.4byte	.LFB63
 396 0004 1C000000 		.4byte	.LFE63
 397 0008 00000000 		.4byte	0
 398 000c 00000000 		.4byte	0
 399              		.section	.debug_line,"",%progbits
 400              	.Ldebug_line0:
 401 0000 6C010000 		.section	.debug_str,"MS",%progbits,1
 401      02004B01 
 401      00000201 
 401      FB0E0D00 
 401      01010101 
 402              	.LASF6:
 403 0000 6C6F6E67 		.ascii	"long long int\000"
 403      206C6F6E 
 403      6720696E 
 403      7400
 404              	.LASF3:
 405 000e 73686F72 		.ascii	"short unsigned int\000"
 405      7420756E 
 405      7369676E 
 405      65642069 
 405      6E7400
 406              	.LASF8:
 407 0021 756E7369 		.ascii	"unsigned int\000"
 407      676E6564 
 407      20696E74 
 407      00
 408              	.LASF20:
 409 002e 6D61696E 		.ascii	"main.c\000"
 409      2E6300
 410              	.LASF22:
 411 0035 6D61696E 		.ascii	"main\000"
 411      00
 412              	.LASF21:
 413 003a 433A5C55 		.ascii	"C:\\Users\\gortz\\Desktop\\DE\\DIGIELEC\\UART.cydsn"
 413      73657273 
ARM GAS  C:\Users\gortz\AppData\Local\Temp\ccW0PgAv.s 			page 9


 413      5C676F72 
 413      747A5C44 
 413      65736B74 
 414 0067 00       		.ascii	"\000"
 415              	.LASF19:
 416 0068 474E5520 		.ascii	"GNU C11 5.4.1 20160609 (release) [ARM/embedded-5-br"
 416      43313120 
 416      352E342E 
 416      31203230 
 416      31363036 
 417 009b 616E6368 		.ascii	"anch revision 237715] -mcpu=cortex-m3 -mthumb -g -O"
 417      20726576 
 417      6973696F 
 417      6E203233 
 417      37373135 
 418 00ce 67202D66 		.ascii	"g -ffunction-sections -ffat-lto-objects\000"
 418      66756E63 
 418      74696F6E 
 418      2D736563 
 418      74696F6E 
 419              	.LASF5:
 420 00f6 6C6F6E67 		.ascii	"long unsigned int\000"
 420      20756E73 
 420      69676E65 
 420      6420696E 
 420      7400
 421              	.LASF7:
 422 0108 6C6F6E67 		.ascii	"long long unsigned int\000"
 422      206C6F6E 
 422      6720756E 
 422      7369676E 
 422      65642069 
 423              	.LASF17:
 424 011f 55415254 		.ascii	"UART_1_PutString\000"
 424      5F315F50 
 424      75745374 
 424      72696E67 
 424      00
 425              	.LASF16:
 426 0130 55415254 		.ascii	"UART_1_Start\000"
 426      5F315F53 
 426      74617274 
 426      00
 427              	.LASF1:
 428 013d 756E7369 		.ascii	"unsigned char\000"
 428      676E6564 
 428      20636861 
 428      7200
 429              	.LASF13:
 430 014b 63686172 		.ascii	"char\000"
 430      00
 431              	.LASF4:
 432 0150 6C6F6E67 		.ascii	"long int\000"
 432      20696E74 
 432      00
 433              	.LASF18:
 434 0159 55415254 		.ascii	"UART_1_PutChar\000"
ARM GAS  C:\Users\gortz\AppData\Local\Temp\ccW0PgAv.s 			page 10


 434      5F315F50 
 434      75744368 
 434      617200
 435              	.LASF12:
 436 0168 646F7562 		.ascii	"double\000"
 436      6C6500
 437              	.LASF23:
 438 016f 49544D5F 		.ascii	"ITM_RxBuffer\000"
 438      52784275 
 438      66666572 
 438      00
 439              	.LASF0:
 440 017c 7369676E 		.ascii	"signed char\000"
 440      65642063 
 440      68617200 
 441              	.LASF14:
 442 0188 6C6F6E67 		.ascii	"long double\000"
 442      20646F75 
 442      626C6500 
 443              	.LASF9:
 444 0194 5F5F696E 		.ascii	"__int32_t\000"
 444      7433325F 
 444      7400
 445              	.LASF11:
 446 019e 666C6F61 		.ascii	"float\000"
 446      7400
 447              	.LASF2:
 448 01a4 73686F72 		.ascii	"short int\000"
 448      7420696E 
 448      7400
 449              	.LASF10:
 450 01ae 696E7433 		.ascii	"int32_t\000"
 450      325F7400 
 451              	.LASF15:
 452 01b6 73697A65 		.ascii	"sizetype\000"
 452      74797065 
 452      00
 453              		.ident	"GCC: (GNU Tools for ARM Embedded Processors) 5.4.1 20160609 (release) [ARM/embedded-5-bran
